{"contracts/ComplianceEngine.sol":{"l":{"90":156,"91":0,"94":156,"95":156,"97":156,"98":156,"99":156,"105":60,"106":60,"110":60,"111":58,"125":7,"136":49,"143":49,"144":8,"159":14,"160":0,"161":0,"165":14,"167":14,"169":3,"172":3,"173":0,"176":3,"177":3,"185":3,"187":3,"191":14,"194":14,"201":14,"202":14,"209":0,"213":2,"217":2,"221":1,"225":0,"238":6,"248":7,"254":7,"255":3,"267":8,"269":8,"271":8,"286":1,"287":1,"288":2,"290":1,"300":2,"301":3,"306":3,"307":1,"322":2,"327":0,"341":0,"342":0,"343":0,"352":2,"353":2,"354":2,"356":2,"359":2,"360":2,"362":2,"369":0,"376":2,"383":0,"392":1,"393":1,"397":1,"398":1,"402":2,"406":2,"412":0,"413":0,"417":0,"418":0,"424":0,"425":0,"427":0,"428":0,"429":0,"431":0,"435":0,"446":22,"456":8,"457":2,"458":1,"459":1,"460":0,"461":0,"462":0,"463":0,"464":0,"465":0,"466":0,"467":0,"471":0,"472":0,"473":0,"475":0},"path":"/root/.openclaw/workspace/fidesorigin-demo/contracts/ComplianceEngine.sol","s":{"1":156,"2":156,"3":156,"4":156,"5":60,"6":60,"7":7,"8":49,"9":49,"10":14,"11":0,"12":0,"13":14,"14":14,"15":3,"16":3,"17":3,"18":3,"19":14,"20":14,"21":14,"22":14,"23":0,"24":2,"25":2,"26":0,"27":6,"28":7,"29":7,"30":8,"31":8,"32":8,"33":1,"34":1,"35":2,"36":3,"37":3,"38":2,"39":0,"40":2,"41":2,"42":2,"43":2,"44":2,"45":0,"46":2,"47":0,"48":1,"49":1,"50":2,"51":2,"52":0,"53":0,"54":0,"55":0,"56":0,"57":0,"58":0,"59":0,"60":22,"61":8,"62":6,"63":2,"64":1,"65":1,"66":0,"67":1,"68":1,"69":0,"70":0,"71":0,"72":0,"73":0,"74":0,"75":0,"76":0,"77":0,"78":0,"79":0,"80":0,"81":0,"82":0,"83":0,"84":0,"85":0,"86":0},"b":{"1":[0,156],"2":[0,0],"3":[0,60],"4":[2,58],"5":[51,0],"6":[49,2],"7":[8,41],"8":[14,0],"9":[0,14],"10":[3,11],"11":[0,3],"12":[7,0],"13":[7,0],"14":[3,4],"15":[2,0],"16":[2,0],"17":[1,2],"18":[2,0],"19":[0,2],"20":[0,2],"21":[2,0],"22":[1,0],"23":[1,0],"24":[2,0],"25":[2,0],"26":[0,0],"27":[0,0],"28":[0,0],"29":[0,0],"30":[0,0],"31":[6,2],"32":[1,1],"33":[0,1],"34":[1,0],"35":[0,0],"36":[0,0],"37":[0,0],"38":[0,0],"39":[0,0],"40":[0,0],"41":[0,0]},"f":{"1":156,"2":60,"3":60,"4":7,"5":49,"6":14,"7":0,"8":2,"9":2,"10":1,"11":0,"12":6,"13":7,"14":8,"15":1,"16":2,"17":2,"18":0,"19":0,"20":2,"21":0,"22":2,"23":0,"24":1,"25":1,"26":2,"27":2,"28":0,"29":0,"30":0,"31":0,"32":22,"33":8,"34":0},"fnMap":{"1":{"name":"constructor","line":89,"loc":{"start":{"line":89,"column":4},"end":{"line":100,"column":4}}},"2":{"name":"notEmergency","line":104,"loc":{"start":{"line":104,"column":4},"end":{"line":107,"column":4}}},"3":{"name":"notPaused","line":109,"loc":{"start":{"line":109,"column":4},"end":{"line":112,"column":4}}},"4":{"name":"validateTransfer","line":119,"loc":{"start":{"line":119,"column":4},"end":{"line":126,"column":4}}},"5":{"name":"preTransferHook","line":135,"loc":{"start":{"line":131,"column":4},"end":{"line":148,"column":4}}},"6":{"name":"postTransferHook","line":158,"loc":{"start":{"line":153,"column":4},"end":{"line":203,"column":4}}},"7":{"name":"getAddressRisk","line":208,"loc":{"start":{"line":208,"column":4},"end":{"line":210,"column":4}}},"8":{"name":"getRiskTier","line":212,"loc":{"start":{"line":212,"column":4},"end":{"line":214,"column":4}}},"9":{"name":"isSanctioned","line":216,"loc":{"start":{"line":216,"column":4},"end":{"line":218,"column":4}}},"10":{"name":"getIssuerPolicy","line":220,"loc":{"start":{"line":220,"column":4},"end":{"line":222,"column":4}}},"11":{"name":"getDailySpent","line":224,"loc":{"start":{"line":224,"column":4},"end":{"line":226,"column":4}}},"12":{"name":"validateOperation","line":233,"loc":{"start":{"line":233,"column":4},"end":{"line":239,"column":4}}},"13":{"name":"preExecutionHook","line":247,"loc":{"start":{"line":244,"column":4},"end":{"line":257,"column":4}}},"14":{"name":"postExecutionHook","line":262,"loc":{"start":{"line":262,"column":4},"end":{"line":277,"column":4}}},"15":{"name":"validateBatch","line":282,"loc":{"start":{"line":282,"column":4},"end":{"line":291,"column":4}}},"16":{"name":"preBatchExecutionHook","line":299,"loc":{"start":{"line":296,"column":4},"end":{"line":310,"column":4}}},"17":{"name":"analyzeOperationRisk","line":315,"loc":{"start":{"line":315,"column":4},"end":{"line":323,"column":4}}},"18":{"name":"getWalletPolicy","line":325,"loc":{"start":{"line":325,"column":4},"end":{"line":334,"column":4}}},"19":{"name":"getContractRisk","line":336,"loc":{"start":{"line":336,"column":4},"end":{"line":344,"column":4}}},"20":{"name":"releaseHold","line":351,"loc":{"start":{"line":351,"column":4},"end":{"line":363,"column":4}}},"21":{"name":"getHeldFunds","line":368,"loc":{"start":{"line":368,"column":4},"end":{"line":370,"column":4}}},"22":{"name":"getAllHoldRecords","line":375,"loc":{"start":{"line":375,"column":4},"end":{"line":377,"column":4}}},"23":{"name":"getHoldRecord","line":382,"loc":{"start":{"line":382,"column":4},"end":{"line":384,"column":4}}},"24":{"name":"activateEmergencyMode","line":391,"loc":{"start":{"line":391,"column":4},"end":{"line":394,"column":4}}},"25":{"name":"deactivateEmergencyMode","line":396,"loc":{"start":{"line":396,"column":4},"end":{"line":399,"column":4}}},"26":{"name":"emergencyPause","line":401,"loc":{"start":{"line":401,"column":4},"end":{"line":403,"column":4}}},"27":{"name":"emergencyUnpause","line":405,"loc":{"start":{"line":405,"column":4},"end":{"line":407,"column":4}}},"28":{"name":"setRiskRegistry","line":411,"loc":{"start":{"line":411,"column":4},"end":{"line":414,"column":4}}},"29":{"name":"setPolicyEngine","line":416,"loc":{"start":{"line":416,"column":4},"end":{"line":419,"column":4}}},"30":{"name":"getOperationLogs","line":423,"loc":{"start":{"line":423,"column":4},"end":{"line":432,"column":4}}},"31":{"name":"getLogCount","line":434,"loc":{"start":{"line":434,"column":4},"end":{"line":436,"column":4}}},"32":{"name":"_logOperation","line":440,"loc":{"start":{"line":440,"column":4},"end":{"line":453,"column":4}}},"33":{"name":"_getOpTypeString","line":455,"loc":{"start":{"line":455,"column":4},"end":{"line":468,"column":4}}},"34":{"name":"_bytes32ToString","line":470,"loc":{"start":{"line":470,"column":4},"end":{"line":476,"column":4}}}},"statementMap":{"1":{"start":{"line":90,"column":8},"end":{"line":90,"column":2619}},"2":{"start":{"line":97,"column":8},"end":{"line":97,"column":49}},"3":{"start":{"line":98,"column":8},"end":{"line":98,"column":41}},"4":{"start":{"line":99,"column":8},"end":{"line":99,"column":45}},"5":{"start":{"line":105,"column":8},"end":{"line":105,"column":55}},"6":{"start":{"line":110,"column":8},"end":{"line":110,"column":54}},"7":{"start":{"line":125,"column":8},"end":{"line":125,"column":77}},"8":{"start":{"line":136,"column":8},"end":{"line":136,"column":3891}},"9":{"start":{"line":143,"column":8},"end":{"line":143,"column":4073}},"10":{"start":{"line":159,"column":8},"end":{"line":159,"column":4438}},"11":{"start":{"line":160,"column":12},"end":{"line":160,"column":85}},"12":{"start":{"line":161,"column":12},"end":{"line":161,"column":18}},"13":{"start":{"line":165,"column":8},"end":{"line":165,"column":111}},"14":{"start":{"line":167,"column":8},"end":{"line":167,"column":4733}},"15":{"start":{"line":169,"column":12},"end":{"line":169,"column":99}},"16":{"start":{"line":172,"column":12},"end":{"line":172,"column":4938}},"17":{"start":{"line":185,"column":12},"end":{"line":185,"column":35}},"18":{"start":{"line":187,"column":12},"end":{"line":187,"column":60}},"19":{"start":{"line":191,"column":8},"end":{"line":191,"column":73}},"20":{"start":{"line":194,"column":8},"end":{"line":194,"column":5682}},"21":{"start":{"line":201,"column":8},"end":{"line":201,"column":78}},"22":{"start":{"line":202,"column":8},"end":{"line":202,"column":68}},"23":{"start":{"line":209,"column":8},"end":{"line":209,"column":51}},"24":{"start":{"line":213,"column":8},"end":{"line":213,"column":48}},"25":{"start":{"line":217,"column":8},"end":{"line":217,"column":49}},"26":{"start":{"line":225,"column":8},"end":{"line":225,"column":57}},"27":{"start":{"line":238,"column":8},"end":{"line":238,"column":78}},"28":{"start":{"line":248,"column":8},"end":{"line":248,"column":7635}},"29":{"start":{"line":254,"column":8},"end":{"line":254,"column":7802}},"30":{"start":{"line":267,"column":8},"end":{"line":267,"column":61}},"31":{"start":{"line":269,"column":8},"end":{"line":269,"column":75}},"32":{"start":{"line":271,"column":8},"end":{"line":271,"column":8241}},"33":{"start":{"line":287,"column":8},"end":{"line":287,"column":8653}},"34":{"start":{"line":290,"column":8},"end":{"line":290,"column":24}},"35":{"start":{"line":300,"column":8},"end":{"line":300,"column":9035}},"36":{"start":{"line":301,"column":12},"end":{"line":301,"column":9092}},"37":{"start":{"line":306,"column":12},"end":{"line":306,"column":9274}},"38":{"start":{"line":322,"column":8},"end":{"line":322,"column":52}},"39":{"start":{"line":341,"column":8},"end":{"line":341,"column":25}},"40":{"start":{"line":352,"column":8},"end":{"line":352,"column":55}},"41":{"start":{"line":353,"column":8},"end":{"line":353,"column":53}},"42":{"start":{"line":354,"column":8},"end":{"line":354,"column":52}},"43":{"start":{"line":359,"column":8},"end":{"line":359,"column":97}},"44":{"start":{"line":362,"column":8},"end":{"line":362,"column":63}},"45":{"start":{"line":369,"column":8},"end":{"line":369,"column":38}},"46":{"start":{"line":376,"column":8},"end":{"line":376,"column":26}},"47":{"start":{"line":383,"column":8},"end":{"line":383,"column":34}},"48":{"start":{"line":393,"column":8},"end":{"line":393,"column":47}},"49":{"start":{"line":398,"column":8},"end":{"line":398,"column":49}},"50":{"start":{"line":402,"column":8},"end":{"line":402,"column":15}},"51":{"start":{"line":406,"column":8},"end":{"line":406,"column":17}},"52":{"start":{"line":412,"column":8},"end":{"line":412,"column":64}},"53":{"start":{"line":417,"column":8},"end":{"line":417,"column":64}},"54":{"start":{"line":424,"column":8},"end":{"line":424,"column":35}},"55":{"start":{"line":425,"column":8},"end":{"line":425,"column":48}},"56":{"start":{"line":427,"column":8},"end":{"line":427,"column":70}},"57":{"start":{"line":428,"column":8},"end":{"line":428,"column":13075}},"58":{"start":{"line":431,"column":8},"end":{"line":431,"column":21}},"59":{"start":{"line":435,"column":8},"end":{"line":435,"column":26}},"60":{"start":{"line":446,"column":8},"end":{"line":446,"column":13525}},"61":{"start":{"line":456,"column":8},"end":{"line":456,"column":63}},"62":{"start":{"line":456,"column":46},"end":{"line":456,"column":63}},"63":{"start":{"line":457,"column":8},"end":{"line":457,"column":73}},"64":{"start":{"line":457,"column":51},"end":{"line":457,"column":73}},"65":{"start":{"line":458,"column":8},"end":{"line":458,"column":73}},"66":{"start":{"line":458,"column":51},"end":{"line":458,"column":73}},"67":{"start":{"line":459,"column":8},"end":{"line":459,"column":75}},"68":{"start":{"line":459,"column":52},"end":{"line":459,"column":75}},"69":{"start":{"line":460,"column":8},"end":{"line":460,"column":55}},"70":{"start":{"line":460,"column":42},"end":{"line":460,"column":55}},"71":{"start":{"line":461,"column":8},"end":{"line":461,"column":59}},"72":{"start":{"line":461,"column":44},"end":{"line":461,"column":59}},"73":{"start":{"line":462,"column":8},"end":{"line":462,"column":57}},"74":{"start":{"line":462,"column":43},"end":{"line":462,"column":57}},"75":{"start":{"line":463,"column":8},"end":{"line":463,"column":61}},"76":{"start":{"line":463,"column":45},"end":{"line":463,"column":61}},"77":{"start":{"line":464,"column":8},"end":{"line":464,"column":57}},"78":{"start":{"line":464,"column":43},"end":{"line":464,"column":57}},"79":{"start":{"line":465,"column":8},"end":{"line":465,"column":63}},"80":{"start":{"line":465,"column":46},"end":{"line":465,"column":63}},"81":{"start":{"line":466,"column":8},"end":{"line":466,"column":57}},"82":{"start":{"line":466,"column":43},"end":{"line":466,"column":57}},"83":{"start":{"line":467,"column":8},"end":{"line":467,"column":24}},"84":{"start":{"line":471,"column":8},"end":{"line":471,"column":47}},"85":{"start":{"line":472,"column":8},"end":{"line":472,"column":14758}},"86":{"start":{"line":475,"column":8},"end":{"line":475,"column":33}}},"branchMap":{"1":{"line":90,"type":"if","locations":[{"start":{"line":90,"column":8},"end":{"line":90,"column":8}},{"start":{"line":90,"column":8},"end":{"line":90,"column":8}}]},"2":{"line":90,"type":"cond-expr","locations":[{"start":{"line":90,"column":12},"end":{"line":90,"column":38}},{"start":{"line":90,"column":43},"end":{"line":90,"column":69}}]},"3":{"line":105,"type":"if","locations":[{"start":{"line":105,"column":8},"end":{"line":105,"column":8}},{"start":{"line":105,"column":8},"end":{"line":105,"column":8}}]},"4":{"line":110,"type":"if","locations":[{"start":{"line":110,"column":8},"end":{"line":110,"column":8}},{"start":{"line":110,"column":8},"end":{"line":110,"column":8}}]},"5":{"line":135,"type":"if","locations":[{"start":{"line":135,"column":29},"end":{"line":135,"column":29}},{"start":{"line":135,"column":29},"end":{"line":135,"column":29}}]},"6":{"line":135,"type":"if","locations":[{"start":{"line":135,"column":42},"end":{"line":135,"column":42}},{"start":{"line":135,"column":42},"end":{"line":135,"column":42}}]},"7":{"line":143,"type":"if","locations":[{"start":{"line":143,"column":8},"end":{"line":143,"column":8}},{"start":{"line":143,"column":8},"end":{"line":143,"column":8}}]},"8":{"line":158,"type":"if","locations":[{"start":{"line":158,"column":24},"end":{"line":158,"column":24}},{"start":{"line":158,"column":24},"end":{"line":158,"column":24}}]},"9":{"line":159,"type":"if","locations":[{"start":{"line":159,"column":8},"end":{"line":159,"column":8}},{"start":{"line":159,"column":8},"end":{"line":159,"column":8}}]},"10":{"line":167,"type":"if","locations":[{"start":{"line":167,"column":8},"end":{"line":167,"column":8}},{"start":{"line":167,"column":8},"end":{"line":167,"column":8}}]},"11":{"line":172,"type":"if","locations":[{"start":{"line":172,"column":12},"end":{"line":172,"column":12}},{"start":{"line":172,"column":12},"end":{"line":172,"column":12}}]},"12":{"line":247,"type":"if","locations":[{"start":{"line":247,"column":29},"end":{"line":247,"column":29}},{"start":{"line":247,"column":29},"end":{"line":247,"column":29}}]},"13":{"line":247,"type":"if","locations":[{"start":{"line":247,"column":42},"end":{"line":247,"column":42}},{"start":{"line":247,"column":42},"end":{"line":247,"column":42}}]},"14":{"line":254,"type":"if","locations":[{"start":{"line":254,"column":8},"end":{"line":254,"column":8}},{"start":{"line":254,"column":8},"end":{"line":254,"column":8}}]},"15":{"line":299,"type":"if","locations":[{"start":{"line":299,"column":29},"end":{"line":299,"column":29}},{"start":{"line":299,"column":29},"end":{"line":299,"column":29}}]},"16":{"line":299,"type":"if","locations":[{"start":{"line":299,"column":42},"end":{"line":299,"column":42}},{"start":{"line":299,"column":42},"end":{"line":299,"column":42}}]},"17":{"line":306,"type":"if","locations":[{"start":{"line":306,"column":12},"end":{"line":306,"column":12}},{"start":{"line":306,"column":12},"end":{"line":306,"column":12}}]},"18":{"line":351,"type":"if","locations":[{"start":{"line":351,"column":50},"end":{"line":351,"column":50}},{"start":{"line":351,"column":50},"end":{"line":351,"column":50}}]},"19":{"line":353,"type":"if","locations":[{"start":{"line":353,"column":8},"end":{"line":353,"column":8}},{"start":{"line":353,"column":8},"end":{"line":353,"column":8}}]},"20":{"line":354,"type":"if","locations":[{"start":{"line":354,"column":8},"end":{"line":354,"column":8}},{"start":{"line":354,"column":8},"end":{"line":354,"column":8}}]},"21":{"line":359,"type":"if","locations":[{"start":{"line":359,"column":8},"end":{"line":359,"column":8}},{"start":{"line":359,"column":8},"end":{"line":359,"column":8}}]},"22":{"line":391,"type":"if","locations":[{"start":{"line":391,"column":46},"end":{"line":391,"column":46}},{"start":{"line":391,"column":46},"end":{"line":391,"column":46}}]},"23":{"line":396,"type":"if","locations":[{"start":{"line":396,"column":48},"end":{"line":396,"column":48}},{"start":{"line":396,"column":48},"end":{"line":396,"column":48}}]},"24":{"line":401,"type":"if","locations":[{"start":{"line":401,"column":39},"end":{"line":401,"column":39}},{"start":{"line":401,"column":39},"end":{"line":401,"column":39}}]},"25":{"line":405,"type":"if","locations":[{"start":{"line":405,"column":41},"end":{"line":405,"column":41}},{"start":{"line":405,"column":41},"end":{"line":405,"column":41}}]},"26":{"line":411,"type":"if","locations":[{"start":{"line":411,"column":61},"end":{"line":411,"column":61}},{"start":{"line":411,"column":61},"end":{"line":411,"column":61}}]},"27":{"line":412,"type":"if","locations":[{"start":{"line":412,"column":8},"end":{"line":412,"column":8}},{"start":{"line":412,"column":8},"end":{"line":412,"column":8}}]},"28":{"line":416,"type":"if","locations":[{"start":{"line":416,"column":61},"end":{"line":416,"column":61}},{"start":{"line":416,"column":61},"end":{"line":416,"column":61}}]},"29":{"line":417,"type":"if","locations":[{"start":{"line":417,"column":8},"end":{"line":417,"column":8}},{"start":{"line":417,"column":8},"end":{"line":417,"column":8}}]},"30":{"line":425,"type":"if","locations":[{"start":{"line":425,"column":8},"end":{"line":425,"column":8}},{"start":{"line":425,"column":8},"end":{"line":425,"column":8}}]},"31":{"line":456,"type":"if","locations":[{"start":{"line":456,"column":8},"end":{"line":456,"column":8}},{"start":{"line":456,"column":8},"end":{"line":456,"column":8}}]},"32":{"line":457,"type":"if","locations":[{"start":{"line":457,"column":8},"end":{"line":457,"column":8}},{"start":{"line":457,"column":8},"end":{"line":457,"column":8}}]},"33":{"line":458,"type":"if","locations":[{"start":{"line":458,"column":8},"end":{"line":458,"column":8}},{"start":{"line":458,"column":8},"end":{"line":458,"column":8}}]},"34":{"line":459,"type":"if","locations":[{"start":{"line":459,"column":8},"end":{"line":459,"column":8}},{"start":{"line":459,"column":8},"end":{"line":459,"column":8}}]},"35":{"line":460,"type":"if","locations":[{"start":{"line":460,"column":8},"end":{"line":460,"column":8}},{"start":{"line":460,"column":8},"end":{"line":460,"column":8}}]},"36":{"line":461,"type":"if","locations":[{"start":{"line":461,"column":8},"end":{"line":461,"column":8}},{"start":{"line":461,"column":8},"end":{"line":461,"column":8}}]},"37":{"line":462,"type":"if","locations":[{"start":{"line":462,"column":8},"end":{"line":462,"column":8}},{"start":{"line":462,"column":8},"end":{"line":462,"column":8}}]},"38":{"line":463,"type":"if","locations":[{"start":{"line":463,"column":8},"end":{"line":463,"column":8}},{"start":{"line":463,"column":8},"end":{"line":463,"column":8}}]},"39":{"line":464,"type":"if","locations":[{"start":{"line":464,"column":8},"end":{"line":464,"column":8}},{"start":{"line":464,"column":8},"end":{"line":464,"column":8}}]},"40":{"line":465,"type":"if","locations":[{"start":{"line":465,"column":8},"end":{"line":465,"column":8}},{"start":{"line":465,"column":8},"end":{"line":465,"column":8}}]},"41":{"line":466,"type":"if","locations":[{"start":{"line":466,"column":8},"end":{"line":466,"column":8}},{"start":{"line":466,"column":8},"end":{"line":466,"column":8}}]}}},"contracts/examples/CompliantSmartWallet.sol":{"l":{"87":23,"88":22,"92":0,"93":0,"95":0,"99":13,"100":12,"118":133,"119":133,"121":133,"122":133,"125":133,"146":0,"156":6,"158":5,"168":5,"169":4,"172":3,"173":3,"175":3,"177":3,"178":3,"181":3,"189":3,"200":2,"202":1,"212":1,"213":1,"216":1,"217":1,"219":1,"221":1,"222":1,"225":1,"236":2,"238":1,"248":1,"249":1,"252":1,"253":1,"255":1,"257":1,"258":1,"261":1,"269":1,"278":2,"281":2,"282":2,"289":2,"290":2,"292":2,"294":4,"295":4,"298":4,"299":1,"305":1,"306":1,"311":3,"313":3,"320":3,"323":3,"324":3,"327":3,"330":2,"332":2,"343":0,"345":0,"357":0,"360":0,"361":0,"362":0,"364":0,"365":0,"368":0,"369":0,"372":0,"389":1,"390":0,"393":1,"394":1,"396":1,"398":1,"409":1,"410":1,"411":1,"412":1,"424":0,"425":0,"427":0,"428":0,"429":0,"430":0,"434":0,"435":0,"438":0,"444":1,"445":1,"446":1,"450":0,"451":0,"452":0,"456":2,"460":0,"464":1,"465":1,"469":1,"470":1,"477":3,"478":3,"485":1,"486":1,"494":0,"495":0,"497":0,"499":0,"500":0,"503":0,"511":0,"517":3,"518":3,"519":3,"521":0,"526":8,"529":8,"530":8,"532":8,"533":1,"534":1,"539":0,"540":0,"543":0},"path":"/root/.openclaw/workspace/fidesorigin-demo/contracts/examples/CompliantSmartWallet.sol","s":{"1":23,"2":0,"3":0,"4":13,"5":133,"6":133,"7":0,"8":6,"9":5,"10":5,"11":4,"12":3,"13":3,"14":3,"15":3,"16":3,"17":3,"18":3,"19":2,"20":1,"21":1,"22":1,"23":1,"24":1,"25":1,"26":1,"27":1,"28":1,"29":2,"30":1,"31":1,"32":1,"33":1,"34":1,"35":1,"36":1,"37":1,"38":1,"39":1,"40":2,"41":2,"42":2,"43":2,"44":2,"45":4,"46":4,"47":4,"48":3,"49":3,"50":3,"51":3,"52":3,"53":2,"54":2,"55":0,"56":0,"57":0,"58":0,"59":0,"60":0,"61":0,"62":0,"63":0,"64":1,"65":0,"66":1,"67":1,"68":0,"69":0,"70":0,"71":0,"72":1,"73":1,"74":0,"75":0,"76":1,"77":1,"78":3,"79":1,"80":0,"81":0,"82":0,"83":0,"84":0,"85":0,"86":0,"87":3,"88":3,"89":3,"90":0,"91":8,"92":8,"93":8,"94":1,"95":0,"96":0,"97":0},"b":{"1":[22,1],"2":[0,0],"3":[12,1],"4":[0,133],"5":[0,133],"6":[0,0],"7":[0,0],"8":[0,0],"9":[7,0],"10":[6,1],"11":[1,5],"12":[4,1],"13":[0,3],"14":[3,0],"15":[2,0],"16":[2,0],"17":[1,1],"18":[1,0],"19":[1,0],"20":[0,1],"21":[1,0],"22":[2,0],"23":[2,0],"24":[1,1],"25":[1,0],"26":[0,1],"27":[1,0],"28":[2,0],"29":[2,0],"30":[2,0],"31":[4,0],"32":[1,3],"33":[3,0],"34":[3,0],"35":[0,0],"36":[0,0],"37":[0,0],"38":[0,0],"39":[0,0],"40":[0,1],"41":[1,0],"42":[0,0],"43":[0,0],"44":[1,1],"45":[0,1],"46":[0,0],"47":[0,0],"48":[2,0],"49":[0,0],"50":[1,0],"51":[1,0],"52":[3,0],"53":[1,0],"54":[0,0],"55":[0,0],"56":[3,0],"57":[8,0],"58":[1,7],"59":[1,0],"60":[0,0]},"f":{"1":23,"2":0,"3":13,"4":133,"5":0,"6":6,"7":2,"8":2,"9":2,"10":0,"11":1,"12":1,"13":0,"14":1,"15":0,"16":2,"17":0,"18":1,"19":1,"20":3,"21":1,"22":0,"23":3,"24":8,"25":0,"26":0},"fnMap":{"1":{"name":"onlyOwner","line":86,"loc":{"start":{"line":86,"column":4},"end":{"line":89,"column":4}}},"2":{"name":"compliantOp","line":91,"loc":{"start":{"line":91,"column":4},"end":{"line":96,"column":4}}},"3":{"name":"notEmergency","line":98,"loc":{"start":{"line":98,"column":4},"end":{"line":101,"column":4}}},"4":{"name":"constructor","line":114,"loc":{"start":{"line":114,"column":4},"end":{"line":136,"column":4}}},"5":{"name":"execute","line":145,"loc":{"start":{"line":143,"column":4},"end":{"line":147,"column":4}}},"6":{"name":"transferETH","line":155,"loc":{"start":{"line":152,"column":4},"end":{"line":190,"column":4}}},"7":{"name":"transferToken","line":199,"loc":{"start":{"line":195,"column":4},"end":{"line":226,"column":4}}},"8":{"name":"callContract","line":235,"loc":{"start":{"line":231,"column":4},"end":{"line":270,"column":4}}},"9":{"name":"executeBatch","line":277,"loc":{"start":{"line":275,"column":4},"end":{"line":333,"column":4}}},"10":{"name":"executeWithSignature","line":342,"loc":{"start":{"line":338,"column":4},"end":{"line":373,"column":4}}},"11":{"name":"simulateOperation","line":380,"loc":{"start":{"line":380,"column":4},"end":{"line":399,"column":4}}},"12":{"name":"getDailyUsage","line":404,"loc":{"start":{"line":404,"column":4},"end":{"line":413,"column":4}}},"13":{"name":"getTargetRisk","line":418,"loc":{"start":{"line":418,"column":4},"end":{"line":439,"column":4}}},"14":{"name":"setOwner","line":443,"loc":{"start":{"line":443,"column":4},"end":{"line":447,"column":4}}},"15":{"name":"setComplianceEngine","line":449,"loc":{"start":{"line":449,"column":4},"end":{"line":453,"column":4}}},"16":{"name":"toggleCompliance","line":455,"loc":{"start":{"line":455,"column":4},"end":{"line":457,"column":4}}},"17":{"name":"setPolicy","line":459,"loc":{"start":{"line":459,"column":4},"end":{"line":461,"column":4}}},"18":{"name":"addToWhitelist","line":463,"loc":{"start":{"line":463,"column":4},"end":{"line":466,"column":4}}},"19":{"name":"removeFromWhitelist","line":468,"loc":{"start":{"line":468,"column":4},"end":{"line":471,"column":4}}},"20":{"name":"emergencyPause","line":476,"loc":{"start":{"line":476,"column":4},"end":{"line":479,"column":4}}},"21":{"name":"emergencyUnpause","line":484,"loc":{"start":{"line":484,"column":4},"end":{"line":487,"column":4}}},"22":{"name":"_executeOperation","line":491,"loc":{"start":{"line":491,"column":4},"end":{"line":512,"column":4}}},"23":{"name":"_executeOperationRaw","line":514,"loc":{"start":{"line":514,"column":4},"end":{"line":523,"column":4}}},"24":{"name":"_recordSpending","line":525,"loc":{"start":{"line":525,"column":4},"end":{"line":536,"column":4}}},"25":{"name":"_getRevertMsg","line":538,"loc":{"start":{"line":538,"column":4},"end":{"line":544,"column":4}}},"26":{"name":null,"line":550,"loc":{"start":{"line":550,"column":4},"end":{"line":550,"column":33}}}},"statementMap":{"1":{"start":{"line":87,"column":8},"end":{"line":87,"column":48}},"2":{"start":{"line":92,"column":8},"end":{"line":92,"column":2414}},"3":{"start":{"line":93,"column":12},"end":{"line":93,"column":55}},"4":{"start":{"line":99,"column":8},"end":{"line":99,"column":57}},"5":{"start":{"line":118,"column":8},"end":{"line":118,"column":57}},"6":{"start":{"line":119,"column":8},"end":{"line":119,"column":68}},"7":{"start":{"line":146,"column":8},"end":{"line":146,"column":36}},"8":{"start":{"line":156,"column":8},"end":{"line":156,"column":53}},"9":{"start":{"line":158,"column":8},"end":{"line":158,"column":4319}},"10":{"start":{"line":168,"column":8},"end":{"line":168,"column":4645}},"11":{"start":{"line":169,"column":12},"end":{"line":169,"column":55}},"12":{"start":{"line":172,"column":8},"end":{"line":172,"column":53}},"13":{"start":{"line":173,"column":8},"end":{"line":173,"column":48}},"14":{"start":{"line":175,"column":8},"end":{"line":175,"column":45}},"15":{"start":{"line":177,"column":8},"end":{"line":177,"column":4969}},"16":{"start":{"line":178,"column":12},"end":{"line":178,"column":65}},"17":{"start":{"line":181,"column":8},"end":{"line":181,"column":5112}},"18":{"start":{"line":189,"column":8},"end":{"line":189,"column":22}},"19":{"start":{"line":200,"column":8},"end":{"line":200,"column":76}},"20":{"start":{"line":202,"column":8},"end":{"line":202,"column":5635}},"21":{"start":{"line":212,"column":8},"end":{"line":212,"column":6024}},"22":{"start":{"line":213,"column":12},"end":{"line":213,"column":55}},"23":{"start":{"line":216,"column":8},"end":{"line":216,"column":103}},"24":{"start":{"line":217,"column":8},"end":{"line":217,"column":49}},"25":{"start":{"line":219,"column":8},"end":{"line":219,"column":40}},"26":{"start":{"line":221,"column":8},"end":{"line":221,"column":6394}},"27":{"start":{"line":222,"column":12},"end":{"line":222,"column":65}},"28":{"start":{"line":225,"column":8},"end":{"line":225,"column":22}},"29":{"start":{"line":236,"column":8},"end":{"line":236,"column":57}},"30":{"start":{"line":238,"column":8},"end":{"line":238,"column":6844}},"31":{"start":{"line":248,"column":8},"end":{"line":248,"column":7180}},"32":{"start":{"line":249,"column":12},"end":{"line":249,"column":55}},"33":{"start":{"line":252,"column":8},"end":{"line":252,"column":81}},"34":{"start":{"line":253,"column":8},"end":{"line":253,"column":49}},"35":{"start":{"line":255,"column":8},"end":{"line":255,"column":44}},"36":{"start":{"line":257,"column":8},"end":{"line":257,"column":7532}},"37":{"start":{"line":258,"column":12},"end":{"line":258,"column":65}},"38":{"start":{"line":261,"column":8},"end":{"line":261,"column":7675}},"39":{"start":{"line":269,"column":8},"end":{"line":269,"column":25}},"40":{"start":{"line":281,"column":8},"end":{"line":281,"column":8249}},"41":{"start":{"line":282,"column":12},"end":{"line":282,"column":8333}},"42":{"start":{"line":289,"column":8},"end":{"line":289,"column":32}},"43":{"start":{"line":290,"column":8},"end":{"line":290,"column":32}},"44":{"start":{"line":292,"column":8},"end":{"line":292,"column":8598}},"45":{"start":{"line":294,"column":12},"end":{"line":294,"column":8674}},"46":{"start":{"line":295,"column":16},"end":{"line":295,"column":8830}},"47":{"start":{"line":298,"column":16},"end":{"line":298,"column":8943}},"48":{"start":{"line":311,"column":12},"end":{"line":311,"column":82}},"49":{"start":{"line":320,"column":12},"end":{"line":320,"column":39}},"50":{"start":{"line":323,"column":12},"end":{"line":323,"column":9770}},"51":{"start":{"line":324,"column":16},"end":{"line":324,"column":73}},"52":{"start":{"line":327,"column":12},"end":{"line":327,"column":74}},"53":{"start":{"line":330,"column":8},"end":{"line":330,"column":66}},"54":{"start":{"line":332,"column":8},"end":{"line":332,"column":22}},"55":{"start":{"line":343,"column":8},"end":{"line":343,"column":65}},"56":{"start":{"line":345,"column":8},"end":{"line":345,"column":10453}},"57":{"start":{"line":357,"column":8},"end":{"line":357,"column":66}},"58":{"start":{"line":360,"column":8},"end":{"line":360,"column":79}},"59":{"start":{"line":361,"column":8},"end":{"line":361,"column":64}},"60":{"start":{"line":362,"column":8},"end":{"line":362,"column":54}},"61":{"start":{"line":368,"column":8},"end":{"line":368,"column":11158}},"62":{"start":{"line":369,"column":12},"end":{"line":369,"column":55}},"63":{"start":{"line":372,"column":8},"end":{"line":372,"column":36}},"64":{"start":{"line":389,"column":8},"end":{"line":389,"column":11736}},"65":{"start":{"line":390,"column":12},"end":{"line":390,"column":100}},"66":{"start":{"line":398,"column":8},"end":{"line":398,"column":64}},"67":{"start":{"line":409,"column":8},"end":{"line":409,"column":48}},"68":{"start":{"line":427,"column":8},"end":{"line":427,"column":12958}},"69":{"start":{"line":428,"column":12},"end":{"line":428,"column":13034}},"70":{"start":{"line":434,"column":8},"end":{"line":434,"column":13172}},"71":{"start":{"line":438,"column":8},"end":{"line":438,"column":64}},"72":{"start":{"line":444,"column":8},"end":{"line":444,"column":57}},"73":{"start":{"line":446,"column":8},"end":{"line":446,"column":33}},"74":{"start":{"line":450,"column":8},"end":{"line":450,"column":58}},"75":{"start":{"line":452,"column":8},"end":{"line":452,"column":41}},"76":{"start":{"line":465,"column":8},"end":{"line":465,"column":38}},"77":{"start":{"line":470,"column":8},"end":{"line":470,"column":47}},"78":{"start":{"line":478,"column":8},"end":{"line":478,"column":40}},"79":{"start":{"line":486,"column":8},"end":{"line":486,"column":42}},"80":{"start":{"line":494,"column":8},"end":{"line":494,"column":74}},"81":{"start":{"line":495,"column":8},"end":{"line":495,"column":49}},"82":{"start":{"line":497,"column":8},"end":{"line":497,"column":58}},"83":{"start":{"line":499,"column":8},"end":{"line":499,"column":15199}},"84":{"start":{"line":500,"column":12},"end":{"line":500,"column":65}},"85":{"start":{"line":503,"column":8},"end":{"line":503,"column":15342}},"86":{"start":{"line":511,"column":8},"end":{"line":511,"column":25}},"87":{"start":{"line":517,"column":8},"end":{"line":517,"column":15694}},"88":{"start":{"line":518,"column":12},"end":{"line":518,"column":66}},"89":{"start":{"line":519,"column":12},"end":{"line":519,"column":32}},"90":{"start":{"line":521,"column":12},"end":{"line":521,"column":59}},"91":{"start":{"line":526,"column":8},"end":{"line":526,"column":48}},"92":{"start":{"line":529,"column":8},"end":{"line":529,"column":87}},"93":{"start":{"line":532,"column":8},"end":{"line":532,"column":16274}},"94":{"start":{"line":533,"column":12},"end":{"line":533,"column":114}},"95":{"start":{"line":539,"column":8},"end":{"line":539,"column":75}},"96":{"start":{"line":539,"column":37},"end":{"line":539,"column":75}},"97":{"start":{"line":543,"column":8},"end":{"line":543,"column":48}}},"branchMap":{"1":{"line":87,"type":"if","locations":[{"start":{"line":87,"column":8},"end":{"line":87,"column":8}},{"start":{"line":87,"column":8},"end":{"line":87,"column":8}}]},"2":{"line":92,"type":"if","locations":[{"start":{"line":92,"column":8},"end":{"line":92,"column":8}},{"start":{"line":92,"column":8},"end":{"line":92,"column":8}}]},"3":{"line":99,"type":"if","locations":[{"start":{"line":99,"column":8},"end":{"line":99,"column":8}},{"start":{"line":99,"column":8},"end":{"line":99,"column":8}}]},"4":{"line":118,"type":"if","locations":[{"start":{"line":118,"column":8},"end":{"line":118,"column":8}},{"start":{"line":118,"column":8},"end":{"line":118,"column":8}}]},"5":{"line":119,"type":"if","locations":[{"start":{"line":119,"column":8},"end":{"line":119,"column":8}},{"start":{"line":119,"column":8},"end":{"line":119,"column":8}}]},"6":{"line":145,"type":"if","locations":[{"start":{"line":145,"column":15},"end":{"line":145,"column":15}},{"start":{"line":145,"column":15},"end":{"line":145,"column":15}}]},"7":{"line":145,"type":"if","locations":[{"start":{"line":145,"column":25},"end":{"line":145,"column":25}},{"start":{"line":145,"column":25},"end":{"line":145,"column":25}}]},"8":{"line":145,"type":"if","locations":[{"start":{"line":145,"column":41},"end":{"line":145,"column":41}},{"start":{"line":145,"column":41},"end":{"line":145,"column":41}}]},"9":{"line":155,"type":"if","locations":[{"start":{"line":155,"column":15},"end":{"line":155,"column":15}},{"start":{"line":155,"column":15},"end":{"line":155,"column":15}}]},"10":{"line":155,"type":"if","locations":[{"start":{"line":155,"column":25},"end":{"line":155,"column":25}},{"start":{"line":155,"column":25},"end":{"line":155,"column":25}}]},"11":{"line":156,"type":"if","locations":[{"start":{"line":156,"column":8},"end":{"line":156,"column":8}},{"start":{"line":156,"column":8},"end":{"line":156,"column":8}}]},"12":{"line":168,"type":"if","locations":[{"start":{"line":168,"column":8},"end":{"line":168,"column":8}},{"start":{"line":168,"column":8},"end":{"line":168,"column":8}}]},"13":{"line":173,"type":"if","locations":[{"start":{"line":173,"column":8},"end":{"line":173,"column":8}},{"start":{"line":173,"column":8},"end":{"line":173,"column":8}}]},"14":{"line":177,"type":"if","locations":[{"start":{"line":177,"column":8},"end":{"line":177,"column":8}},{"start":{"line":177,"column":8},"end":{"line":177,"column":8}}]},"15":{"line":199,"type":"if","locations":[{"start":{"line":199,"column":15},"end":{"line":199,"column":15}},{"start":{"line":199,"column":15},"end":{"line":199,"column":15}}]},"16":{"line":199,"type":"if","locations":[{"start":{"line":199,"column":25},"end":{"line":199,"column":25}},{"start":{"line":199,"column":25},"end":{"line":199,"column":25}}]},"17":{"line":200,"type":"if","locations":[{"start":{"line":200,"column":8},"end":{"line":200,"column":8}},{"start":{"line":200,"column":8},"end":{"line":200,"column":8}}]},"18":{"line":200,"type":"cond-expr","locations":[{"start":{"line":200,"column":12},"end":{"line":200,"column":30}},{"start":{"line":200,"column":35},"end":{"line":200,"column":50}}]},"19":{"line":212,"type":"if","locations":[{"start":{"line":212,"column":8},"end":{"line":212,"column":8}},{"start":{"line":212,"column":8},"end":{"line":212,"column":8}}]},"20":{"line":217,"type":"if","locations":[{"start":{"line":217,"column":8},"end":{"line":217,"column":8}},{"start":{"line":217,"column":8},"end":{"line":217,"column":8}}]},"21":{"line":221,"type":"if","locations":[{"start":{"line":221,"column":8},"end":{"line":221,"column":8}},{"start":{"line":221,"column":8},"end":{"line":221,"column":8}}]},"22":{"line":235,"type":"if","locations":[{"start":{"line":235,"column":15},"end":{"line":235,"column":15}},{"start":{"line":235,"column":15},"end":{"line":235,"column":15}}]},"23":{"line":235,"type":"if","locations":[{"start":{"line":235,"column":25},"end":{"line":235,"column":25}},{"start":{"line":235,"column":25},"end":{"line":235,"column":25}}]},"24":{"line":236,"type":"if","locations":[{"start":{"line":236,"column":8},"end":{"line":236,"column":8}},{"start":{"line":236,"column":8},"end":{"line":236,"column":8}}]},"25":{"line":248,"type":"if","locations":[{"start":{"line":248,"column":8},"end":{"line":248,"column":8}},{"start":{"line":248,"column":8},"end":{"line":248,"column":8}}]},"26":{"line":253,"type":"if","locations":[{"start":{"line":253,"column":8},"end":{"line":253,"column":8}},{"start":{"line":253,"column":8},"end":{"line":253,"column":8}}]},"27":{"line":257,"type":"if","locations":[{"start":{"line":257,"column":8},"end":{"line":257,"column":8}},{"start":{"line":257,"column":8},"end":{"line":257,"column":8}}]},"28":{"line":277,"type":"if","locations":[{"start":{"line":277,"column":15},"end":{"line":277,"column":15}},{"start":{"line":277,"column":15},"end":{"line":277,"column":15}}]},"29":{"line":277,"type":"if","locations":[{"start":{"line":277,"column":25},"end":{"line":277,"column":25}},{"start":{"line":277,"column":25},"end":{"line":277,"column":25}}]},"30":{"line":281,"type":"if","locations":[{"start":{"line":281,"column":8},"end":{"line":281,"column":8}},{"start":{"line":281,"column":8},"end":{"line":281,"column":8}}]},"31":{"line":294,"type":"if","locations":[{"start":{"line":294,"column":12},"end":{"line":294,"column":12}},{"start":{"line":294,"column":12},"end":{"line":294,"column":12}}]},"32":{"line":298,"type":"if","locations":[{"start":{"line":298,"column":16},"end":{"line":298,"column":16}},{"start":{"line":298,"column":16},"end":{"line":298,"column":16}}]},"33":{"line":320,"type":"if","locations":[{"start":{"line":320,"column":12},"end":{"line":320,"column":12}},{"start":{"line":320,"column":12},"end":{"line":320,"column":12}}]},"34":{"line":323,"type":"if","locations":[{"start":{"line":323,"column":12},"end":{"line":323,"column":12}},{"start":{"line":323,"column":12},"end":{"line":323,"column":12}}]},"35":{"line":342,"type":"if","locations":[{"start":{"line":342,"column":15},"end":{"line":342,"column":15}},{"start":{"line":342,"column":15},"end":{"line":342,"column":15}}]},"36":{"line":343,"type":"if","locations":[{"start":{"line":343,"column":8},"end":{"line":343,"column":8}},{"start":{"line":343,"column":8},"end":{"line":343,"column":8}}]},"37":{"line":357,"type":"if","locations":[{"start":{"line":357,"column":8},"end":{"line":357,"column":8}},{"start":{"line":357,"column":8},"end":{"line":357,"column":8}}]},"38":{"line":362,"type":"if","locations":[{"start":{"line":362,"column":8},"end":{"line":362,"column":8}},{"start":{"line":362,"column":8},"end":{"line":362,"column":8}}]},"39":{"line":368,"type":"if","locations":[{"start":{"line":368,"column":8},"end":{"line":368,"column":8}},{"start":{"line":368,"column":8},"end":{"line":368,"column":8}}]},"40":{"line":389,"type":"if","locations":[{"start":{"line":389,"column":8},"end":{"line":389,"column":8}},{"start":{"line":389,"column":8},"end":{"line":389,"column":8}}]},"41":{"line":412,"type":"if","locations":[{"start":{"line":412,"column":45},"end":{"line":412,"column":63}},{"start":{"line":412,"column":67},"end":{"line":412,"column":67}}]},"42":{"line":428,"type":"if","locations":[{"start":{"line":428,"column":12},"end":{"line":428,"column":12}},{"start":{"line":428,"column":12},"end":{"line":428,"column":12}}]},"43":{"line":434,"type":"if","locations":[{"start":{"line":434,"column":8},"end":{"line":434,"column":8}},{"start":{"line":434,"column":8},"end":{"line":434,"column":8}}]},"44":{"line":443,"type":"if","locations":[{"start":{"line":443,"column":47},"end":{"line":443,"column":47}},{"start":{"line":443,"column":47},"end":{"line":443,"column":47}}]},"45":{"line":444,"type":"if","locations":[{"start":{"line":444,"column":8},"end":{"line":444,"column":8}},{"start":{"line":444,"column":8},"end":{"line":444,"column":8}}]},"46":{"line":449,"type":"if","locations":[{"start":{"line":449,"column":59},"end":{"line":449,"column":59}},{"start":{"line":449,"column":59},"end":{"line":449,"column":59}}]},"47":{"line":450,"type":"if","locations":[{"start":{"line":450,"column":8},"end":{"line":450,"column":8}},{"start":{"line":450,"column":8},"end":{"line":450,"column":8}}]},"48":{"line":455,"type":"if","locations":[{"start":{"line":455,"column":54},"end":{"line":455,"column":54}},{"start":{"line":455,"column":54},"end":{"line":455,"column":54}}]},"49":{"line":459,"type":"if","locations":[{"start":{"line":459,"column":81},"end":{"line":459,"column":81}},{"start":{"line":459,"column":81},"end":{"line":459,"column":81}}]},"50":{"line":463,"type":"if","locations":[{"start":{"line":463,"column":53},"end":{"line":463,"column":53}},{"start":{"line":463,"column":53},"end":{"line":463,"column":53}}]},"51":{"line":468,"type":"if","locations":[{"start":{"line":468,"column":58},"end":{"line":468,"column":58}},{"start":{"line":468,"column":58},"end":{"line":468,"column":58}}]},"52":{"line":476,"type":"if","locations":[{"start":{"line":476,"column":39},"end":{"line":476,"column":39}},{"start":{"line":476,"column":39},"end":{"line":476,"column":39}}]},"53":{"line":484,"type":"if","locations":[{"start":{"line":484,"column":41},"end":{"line":484,"column":41}},{"start":{"line":484,"column":41},"end":{"line":484,"column":41}}]},"54":{"line":495,"type":"if","locations":[{"start":{"line":495,"column":8},"end":{"line":495,"column":8}},{"start":{"line":495,"column":8},"end":{"line":495,"column":8}}]},"55":{"line":499,"type":"if","locations":[{"start":{"line":499,"column":8},"end":{"line":499,"column":8}},{"start":{"line":499,"column":8},"end":{"line":499,"column":8}}]},"56":{"line":517,"type":"if","locations":[{"start":{"line":517,"column":8},"end":{"line":517,"column":8}},{"start":{"line":517,"column":8},"end":{"line":517,"column":8}}]},"57":{"line":529,"type":"if","locations":[{"start":{"line":529,"column":8},"end":{"line":529,"column":8}},{"start":{"line":529,"column":8},"end":{"line":529,"column":8}}]},"58":{"line":532,"type":"if","locations":[{"start":{"line":532,"column":8},"end":{"line":532,"column":8}},{"start":{"line":532,"column":8},"end":{"line":532,"column":8}}]},"59":{"line":533,"type":"if","locations":[{"start":{"line":533,"column":12},"end":{"line":533,"column":12}},{"start":{"line":533,"column":12},"end":{"line":533,"column":12}}]},"60":{"line":539,"type":"if","locations":[{"start":{"line":539,"column":8},"end":{"line":539,"column":8}},{"start":{"line":539,"column":8},"end":{"line":539,"column":8}}]}}},"contracts/examples/CompliantStableCoin.sol":{"l":{"65":133,"67":133,"69":133,"70":133,"71":133,"72":133,"75":133,"93":29,"94":29,"97":1,"98":1,"102":28,"109":0,"119":2,"120":2,"122":2,"123":3,"124":0,"128":1,"146":49,"147":20,"150":40,"153":40,"154":11,"162":20,"165":20,"166":1,"170":19,"171":2,"172":1,"177":18,"180":7,"181":7,"182":7,"189":1,"201":0,"202":0,"205":0,"206":0,"208":0,"223":1,"224":0,"227":1,"228":1,"230":1,"236":0,"237":0,"238":0,"242":1,"243":1,"247":2,"248":2,"252":1,"253":1,"257":1,"258":2,"259":2,"264":0,"268":0,"274":8,"276":7,"280":7},"path":"/root/.openclaw/workspace/fidesorigin-demo/contracts/examples/CompliantStableCoin.sol","s":{"1":133,"2":133,"3":133,"4":133,"5":133,"6":29,"7":29,"8":1,"9":28,"10":0,"11":2,"12":2,"13":2,"14":3,"15":1,"16":49,"17":20,"18":40,"19":40,"20":11,"21":20,"22":0,"23":20,"24":19,"25":2,"26":18,"27":7,"28":7,"29":1,"30":0,"31":0,"32":0,"33":0,"34":0,"35":1,"36":0,"37":1,"38":0,"39":0,"40":1,"41":2,"42":1,"43":1,"44":2,"45":0,"46":0,"47":8,"48":1,"49":7},"b":{"1":[0,133],"2":[29,0],"3":[29,0],"4":[29,0],"5":[0,0],"6":[2,0],"7":[0,2],"8":[0,2],"9":[0,2],"10":[20,29],"11":[11,29],"12":[0,20],"13":[1,19],"14":[2,17],"15":[1,1],"16":[0,0],"17":[0,1],"18":[0,0],"19":[0,0],"20":[1,0],"21":[2,0],"22":[1,0],"23":[1,0],"24":[0,0],"25":[0,0],"26":[1,7]},"f":{"1":133,"2":29,"3":0,"4":2,"5":49,"6":20,"7":1,"8":0,"9":1,"10":0,"11":1,"12":2,"13":1,"14":1,"15":0,"16":0,"17":8},"fnMap":{"1":{"name":"constructor","line":64,"loc":{"start":{"line":60,"column":4},"end":{"line":84,"column":4}}},"2":{"name":"mint","line":91,"loc":{"start":{"line":91,"column":4},"end":{"line":103,"column":4}}},"3":{"name":"burn","line":108,"loc":{"start":{"line":108,"column":4},"end":{"line":110,"column":4}}},"4":{"name":"batchTransfer","line":118,"loc":{"start":{"line":115,"column":4},"end":{"line":129,"column":4}}},"5":{"name":"_update","line":137,"loc":{"start":{"line":137,"column":4},"end":{"line":156,"column":4}}},"6":{"name":"_checkCompliance","line":161,"loc":{"start":{"line":161,"column":4},"end":{"line":184,"column":4}}},"7":{"name":"decimals","line":188,"loc":{"start":{"line":188,"column":4},"end":{"line":190,"column":4}}},"8":{"name":"getAddressRiskInfo","line":195,"loc":{"start":{"line":195,"column":4},"end":{"line":209,"column":4}}},"9":{"name":"simulateTransfer","line":214,"loc":{"start":{"line":214,"column":4},"end":{"line":231,"column":4}}},"10":{"name":"setComplianceEngine","line":235,"loc":{"start":{"line":235,"column":4},"end":{"line":239,"column":4}}},"11":{"name":"toggleCompliance","line":241,"loc":{"start":{"line":241,"column":4},"end":{"line":244,"column":4}}},"12":{"name":"setPolicy","line":246,"loc":{"start":{"line":246,"column":4},"end":{"line":249,"column":4}}},"13":{"name":"setKYCStatus","line":251,"loc":{"start":{"line":251,"column":4},"end":{"line":254,"column":4}}},"14":{"name":"batchSetKYC","line":256,"loc":{"start":{"line":256,"column":4},"end":{"line":261,"column":4}}},"15":{"name":"pause","line":263,"loc":{"start":{"line":263,"column":4},"end":{"line":265,"column":4}}},"16":{"name":"unpause","line":267,"loc":{"start":{"line":267,"column":4},"end":{"line":269,"column":4}}},"17":{"name":"_getRevertMsg","line":273,"loc":{"start":{"line":273,"column":4},"end":{"line":281,"column":4}}}},"statementMap":{"1":{"start":{"line":65,"column":8},"end":{"line":65,"column":68}},"2":{"start":{"line":69,"column":8},"end":{"line":69,"column":49}},"3":{"start":{"line":70,"column":8},"end":{"line":70,"column":42}},"4":{"start":{"line":71,"column":8},"end":{"line":71,"column":42}},"5":{"start":{"line":72,"column":8},"end":{"line":72,"column":52}},"6":{"start":{"line":93,"column":8},"end":{"line":93,"column":3015}},"7":{"start":{"line":94,"column":12},"end":{"line":94,"column":3099}},"8":{"start":{"line":97,"column":16},"end":{"line":97,"column":83}},"9":{"start":{"line":102,"column":8},"end":{"line":102,"column":24}},"10":{"start":{"line":109,"column":8},"end":{"line":109,"column":26}},"11":{"start":{"line":119,"column":8},"end":{"line":119,"column":72}},"12":{"start":{"line":120,"column":8},"end":{"line":120,"column":67}},"13":{"start":{"line":122,"column":8},"end":{"line":122,"column":3976}},"14":{"start":{"line":123,"column":12},"end":{"line":123,"column":4039}},"15":{"start":{"line":128,"column":8},"end":{"line":128,"column":19}},"16":{"start":{"line":146,"column":8},"end":{"line":146,"column":4613}},"17":{"start":{"line":147,"column":12},"end":{"line":147,"column":45}},"18":{"start":{"line":150,"column":8},"end":{"line":150,"column":38}},"19":{"start":{"line":153,"column":8},"end":{"line":153,"column":4839}},"20":{"start":{"line":154,"column":12},"end":{"line":154,"column":68}},"21":{"start":{"line":162,"column":8},"end":{"line":162,"column":59}},"22":{"start":{"line":162,"column":53},"end":{"line":162,"column":59}},"23":{"start":{"line":165,"column":8},"end":{"line":165,"column":5263}},"24":{"start":{"line":170,"column":8},"end":{"line":170,"column":5428}},"25":{"start":{"line":171,"column":12},"end":{"line":171,"column":5480}},"26":{"start":{"line":177,"column":8},"end":{"line":177,"column":5614}},"27":{"start":{"line":180,"column":12},"end":{"line":180,"column":58}},"28":{"start":{"line":181,"column":12},"end":{"line":181,"column":60}},"29":{"start":{"line":189,"column":8},"end":{"line":189,"column":29}},"30":{"start":{"line":201,"column":8},"end":{"line":201,"column":6332}},"31":{"start":{"line":202,"column":12},"end":{"line":202,"column":67}},"32":{"start":{"line":205,"column":8},"end":{"line":205,"column":94}},"33":{"start":{"line":206,"column":8},"end":{"line":206,"column":78}},"34":{"start":{"line":208,"column":8},"end":{"line":208,"column":77}},"35":{"start":{"line":223,"column":8},"end":{"line":223,"column":7029}},"36":{"start":{"line":224,"column":12},"end":{"line":224,"column":62}},"37":{"start":{"line":230,"column":8},"end":{"line":230,"column":47}},"38":{"start":{"line":236,"column":8},"end":{"line":236,"column":58}},"39":{"start":{"line":238,"column":8},"end":{"line":238,"column":41}},"40":{"start":{"line":243,"column":8},"end":{"line":243,"column":40}},"41":{"start":{"line":248,"column":8},"end":{"line":248,"column":35}},"42":{"start":{"line":253,"column":8},"end":{"line":253,"column":48}},"43":{"start":{"line":257,"column":8},"end":{"line":257,"column":8398}},"44":{"start":{"line":259,"column":12},"end":{"line":259,"column":56}},"45":{"start":{"line":264,"column":8},"end":{"line":264,"column":15}},"46":{"start":{"line":268,"column":8},"end":{"line":268,"column":17}},"47":{"start":{"line":274,"column":8},"end":{"line":274,"column":75}},"48":{"start":{"line":274,"column":37},"end":{"line":274,"column":75}},"49":{"start":{"line":280,"column":8},"end":{"line":280,"column":48}}},"branchMap":{"1":{"line":65,"type":"if","locations":[{"start":{"line":65,"column":8},"end":{"line":65,"column":8}},{"start":{"line":65,"column":8},"end":{"line":65,"column":8}}]},"2":{"line":91,"type":"if","locations":[{"start":{"line":91,"column":55},"end":{"line":91,"column":55}},{"start":{"line":91,"column":55},"end":{"line":91,"column":55}}]},"3":{"line":91,"type":"if","locations":[{"start":{"line":91,"column":77},"end":{"line":91,"column":77}},{"start":{"line":91,"column":77},"end":{"line":91,"column":77}}]},"4":{"line":93,"type":"if","locations":[{"start":{"line":93,"column":8},"end":{"line":93,"column":8}},{"start":{"line":93,"column":8},"end":{"line":93,"column":8}}]},"5":{"line":108,"type":"if","locations":[{"start":{"line":108,"column":57},"end":{"line":108,"column":57}},{"start":{"line":108,"column":57},"end":{"line":108,"column":57}}]},"6":{"line":118,"type":"if","locations":[{"start":{"line":118,"column":15},"end":{"line":118,"column":15}},{"start":{"line":118,"column":15},"end":{"line":118,"column":15}}]},"7":{"line":119,"type":"if","locations":[{"start":{"line":119,"column":8},"end":{"line":119,"column":8}},{"start":{"line":119,"column":8},"end":{"line":119,"column":8}}]},"8":{"line":120,"type":"if","locations":[{"start":{"line":120,"column":8},"end":{"line":120,"column":8}},{"start":{"line":120,"column":8},"end":{"line":120,"column":8}}]},"9":{"line":123,"type":"if","locations":[{"start":{"line":123,"column":12},"end":{"line":123,"column":12}},{"start":{"line":123,"column":12},"end":{"line":123,"column":12}}]},"10":{"line":146,"type":"if","locations":[{"start":{"line":146,"column":8},"end":{"line":146,"column":8}},{"start":{"line":146,"column":8},"end":{"line":146,"column":8}}]},"11":{"line":153,"type":"if","locations":[{"start":{"line":153,"column":8},"end":{"line":153,"column":8}},{"start":{"line":153,"column":8},"end":{"line":153,"column":8}}]},"12":{"line":162,"type":"if","locations":[{"start":{"line":162,"column":8},"end":{"line":162,"column":8}},{"start":{"line":162,"column":8},"end":{"line":162,"column":8}}]},"13":{"line":165,"type":"if","locations":[{"start":{"line":165,"column":8},"end":{"line":165,"column":8}},{"start":{"line":165,"column":8},"end":{"line":165,"column":8}}]},"14":{"line":170,"type":"if","locations":[{"start":{"line":170,"column":8},"end":{"line":170,"column":8}},{"start":{"line":170,"column":8},"end":{"line":170,"column":8}}]},"15":{"line":171,"type":"if","locations":[{"start":{"line":171,"column":12},"end":{"line":171,"column":12}},{"start":{"line":171,"column":12},"end":{"line":171,"column":12}}]},"16":{"line":201,"type":"if","locations":[{"start":{"line":201,"column":8},"end":{"line":201,"column":8}},{"start":{"line":201,"column":8},"end":{"line":201,"column":8}}]},"17":{"line":223,"type":"if","locations":[{"start":{"line":223,"column":8},"end":{"line":223,"column":8}},{"start":{"line":223,"column":8},"end":{"line":223,"column":8}}]},"18":{"line":235,"type":"if","locations":[{"start":{"line":235,"column":59},"end":{"line":235,"column":59}},{"start":{"line":235,"column":59},"end":{"line":235,"column":59}}]},"19":{"line":236,"type":"if","locations":[{"start":{"line":236,"column":8},"end":{"line":236,"column":8}},{"start":{"line":236,"column":8},"end":{"line":236,"column":8}}]},"20":{"line":241,"type":"if","locations":[{"start":{"line":241,"column":54},"end":{"line":241,"column":54}},{"start":{"line":241,"column":54},"end":{"line":241,"column":54}}]},"21":{"line":246,"type":"if","locations":[{"start":{"line":246,"column":80},"end":{"line":246,"column":80}},{"start":{"line":246,"column":80},"end":{"line":246,"column":80}}]},"22":{"line":251,"type":"if","locations":[{"start":{"line":251,"column":67},"end":{"line":251,"column":67}},{"start":{"line":251,"column":67},"end":{"line":251,"column":67}}]},"23":{"line":256,"type":"if","locations":[{"start":{"line":256,"column":78},"end":{"line":256,"column":78}},{"start":{"line":256,"column":78},"end":{"line":256,"column":78}}]},"24":{"line":263,"type":"if","locations":[{"start":{"line":263,"column":30},"end":{"line":263,"column":30}},{"start":{"line":263,"column":30},"end":{"line":263,"column":30}}]},"25":{"line":267,"type":"if","locations":[{"start":{"line":267,"column":32},"end":{"line":267,"column":32}},{"start":{"line":267,"column":32},"end":{"line":267,"column":32}}]},"26":{"line":274,"type":"if","locations":[{"start":{"line":274,"column":8},"end":{"line":274,"column":8}},{"start":{"line":274,"column":8},"end":{"line":274,"column":8}}]}}},"contracts/FidesCompliance.sol":{"l":{"265":0,"266":0,"270":0,"271":0,"275":0,"276":0,"280":0,"281":0,"285":0,"286":0,"291":0,"292":0,"293":0,"294":0,"295":0,"296":0,"299":0,"302":0,"311":0,"317":0,"320":0,"323":0,"326":0,"329":0,"332":0,"335":0,"338":0,"350":0,"358":0,"359":0,"360":0,"370":0,"371":0,"373":0,"374":0,"375":0,"377":0,"378":0,"388":0,"389":0,"390":0,"394":0,"395":0,"406":0,"408":0,"411":0,"412":0,"413":0,"414":0,"415":0,"416":0,"417":0,"419":0,"421":0,"430":0,"445":0,"451":0,"453":0,"454":0,"456":0,"457":0,"458":0,"459":0,"460":0,"461":0,"462":0,"464":0,"466":0,"476":0,"486":0,"490":0,"494":0,"502":0,"503":0,"505":0,"506":0,"508":0,"509":0,"510":0,"512":0,"516":0,"528":0,"535":0,"536":0,"537":0,"538":0,"539":0,"540":0,"541":0,"542":0,"543":0,"544":0,"545":0,"546":0,"548":0,"549":0,"551":0,"552":0,"560":0,"567":0,"568":0,"570":0,"571":0,"572":0,"575":0,"576":0,"578":0,"581":0,"583":0,"584":0,"589":0,"593":0,"594":0,"595":0,"596":0,"597":0,"598":0,"604":0,"608":0,"612":0,"621":0,"622":0,"623":0,"624":0,"628":0,"629":0,"632":0,"633":0,"640":0,"641":0,"644":0,"645":0,"652":0,"653":0,"657":0,"658":0,"659":0,"663":0,"664":0,"665":0,"666":0,"670":0,"671":0,"674":0,"675":0,"683":0,"684":0,"686":0,"687":0,"695":0,"706":0,"708":0,"720":0,"721":0,"723":0,"731":0,"732":0,"734":0,"735":0,"736":0,"738":0,"742":0,"746":0,"758":0,"759":0,"760":0,"761":0,"763":0,"764":0,"765":0,"766":0,"767":0,"768":0,"770":0,"781":0,"785":0,"787":0,"788":0,"798":0,"799":0,"820":0,"835":0,"836":0,"846":0,"847":0},"path":"/root/.openclaw/workspace/fidesorigin-demo/contracts/FidesCompliance.sol","s":{"1":0,"2":0,"3":0,"4":0,"5":0,"6":0,"7":0,"8":0,"9":0,"10":0,"11":0,"12":0,"13":0,"14":0,"15":0,"16":0,"17":0,"18":0,"19":0,"20":0,"21":0,"22":0,"23":0,"24":0,"25":0,"26":0,"27":0,"28":0,"29":0,"30":0,"31":0,"32":0,"33":0,"34":0,"35":0,"36":0,"37":0,"38":0,"39":0,"40":0,"41":0,"42":0,"43":0,"44":0,"45":0,"46":0,"47":0,"48":0,"49":0,"50":0,"51":0,"52":0,"53":0,"54":0,"55":0,"56":0,"57":0,"58":0,"59":0,"60":0,"61":0,"62":0,"63":0,"64":0,"65":0,"66":0,"67":0,"68":0,"69":0,"70":0,"71":0,"72":0,"73":0,"74":0,"75":0,"76":0,"77":0,"78":0,"79":0,"80":0,"81":0,"82":0,"83":0,"84":0,"85":0,"86":0,"87":0,"88":0,"89":0,"90":0,"91":0,"92":0,"93":0,"94":0,"95":0,"96":0,"97":0,"98":0,"99":0,"100":0,"101":0,"102":0,"103":0,"104":0,"105":0,"106":0,"107":0,"108":0,"109":0,"110":0,"111":0,"112":0,"113":0,"114":0,"115":0,"116":0,"117":0,"118":0,"119":0,"120":0,"121":0,"122":0,"123":0,"124":0,"125":0,"126":0,"127":0,"128":0,"129":0,"130":0,"131":0,"132":0,"133":0,"134":0},"b":{"1":[0,0],"2":[0,0],"3":[0,0],"4":[0,0],"5":[0,0],"6":[0,0],"7":[0,0],"8":[0,0],"9":[0,0],"10":[0,0],"11":[0,0],"12":[0,0],"13":[0,0],"14":[0,0],"15":[0,0],"16":[0,0],"17":[0,0],"18":[0,0],"19":[0,0],"20":[0,0],"21":[0,0],"22":[0,0],"23":[0,0],"24":[0,0],"25":[0,0],"26":[0,0],"27":[0,0],"28":[0,0],"29":[0,0],"30":[0,0],"31":[0,0],"32":[0,0],"33":[0,0],"34":[0,0],"35":[0,0],"36":[0,0],"37":[0,0],"38":[0,0],"39":[0,0],"40":[0,0]},"f":{"1":0,"2":0,"3":0,"4":0,"5":0,"6":0,"7":0,"8":0,"9":0,"10":0,"11":0,"12":0,"13":0,"14":0,"15":0,"16":0,"17":0,"18":0,"19":0,"20":0,"21":0,"22":0,"23":0,"24":0,"25":0,"26":0,"27":0,"28":0,"29":0,"30":0,"31":0,"32":0,"33":0,"34":0,"35":0},"fnMap":{"1":{"name":"onlyAdmin","line":264,"loc":{"start":{"line":264,"column":4},"end":{"line":267,"column":4}}},"2":{"name":"onlyOperator","line":269,"loc":{"start":{"line":269,"column":4},"end":{"line":272,"column":4}}},"3":{"name":"onlyAuditor","line":274,"loc":{"start":{"line":274,"column":4},"end":{"line":277,"column":4}}},"4":{"name":"onlyRuleManager","line":279,"loc":{"start":{"line":279,"column":4},"end":{"line":282,"column":4}}},"5":{"name":"validAddress","line":284,"loc":{"start":{"line":284,"column":4},"end":{"line":287,"column":4}}},"6":{"name":"constructor","line":290,"loc":{"start":{"line":290,"column":4},"end":{"line":312,"column":4}}},"7":{"name":"_initChainConfigs","line":315,"loc":{"start":{"line":315,"column":4},"end":{"line":339,"column":4}}},"8":{"name":"_setChainConfig","line":341,"loc":{"start":{"line":341,"column":4},"end":{"line":362,"column":4}}},"9":{"name":"updateChainConfig","line":369,"loc":{"start":{"line":364,"column":4},"end":{"line":385,"column":4}}},"10":{"name":"getCurrentChainConfig","line":387,"loc":{"start":{"line":387,"column":4},"end":{"line":391,"column":4}}},"11":{"name":"isSupportedChain","line":393,"loc":{"start":{"line":393,"column":4},"end":{"line":396,"column":4}}},"12":{"name":"updateRiskProfile","line":405,"loc":{"start":{"line":399,"column":4},"end":{"line":437,"column":4}}},"13":{"name":"batchUpdateRiskProfiles","line":444,"loc":{"start":{"line":439,"column":4},"end":{"line":483,"column":4}}},"14":{"name":"getRiskProfile","line":485,"loc":{"start":{"line":485,"column":4},"end":{"line":487,"column":4}}},"15":{"name":"isBlacklisted","line":489,"loc":{"start":{"line":489,"column":4},"end":{"line":491,"column":4}}},"16":{"name":"isWhitelisted","line":493,"loc":{"start":{"line":493,"column":4},"end":{"line":495,"column":4}}},"17":{"name":"getAllRiskAddresses","line":497,"loc":{"start":{"line":497,"column":4},"end":{"line":513,"column":4}}},"18":{"name":"getRiskAddressCount","line":515,"loc":{"start":{"line":515,"column":4},"end":{"line":517,"column":4}}},"19":{"name":"createRule","line":527,"loc":{"start":{"line":520,"column":4},"end":{"line":561,"column":4}}},"20":{"name":"updateRuleStatus","line":566,"loc":{"start":{"line":563,"column":4},"end":{"line":590,"column":4}}},"21":{"name":"_removeActiveRule","line":592,"loc":{"start":{"line":592,"column":4},"end":{"line":601,"column":4}}},"22":{"name":"getRule","line":603,"loc":{"start":{"line":603,"column":4},"end":{"line":605,"column":4}}},"23":{"name":"getActiveRules","line":607,"loc":{"start":{"line":607,"column":4},"end":{"line":609,"column":4}}},"24":{"name":"getRulesByType","line":611,"loc":{"start":{"line":611,"column":4},"end":{"line":613,"column":4}}},"25":{"name":"evaluateTransaction","line":619,"loc":{"start":{"line":615,"column":4},"end":{"line":696,"column":4}}},"26":{"name":"_createAuditLog","line":699,"loc":{"start":{"line":699,"column":4},"end":{"line":724,"column":4}}},"27":{"name":"getAuditLogs","line":726,"loc":{"start":{"line":726,"column":4},"end":{"line":739,"column":4}}},"28":{"name":"getActorAuditLogs","line":741,"loc":{"start":{"line":741,"column":4},"end":{"line":743,"column":4}}},"29":{"name":"getSubjectAuditLogs","line":745,"loc":{"start":{"line":745,"column":4},"end":{"line":747,"column":4}}},"30":{"name":"updateConfig","line":757,"loc":{"start":{"line":750,"column":4},"end":{"line":777,"column":4}}},"31":{"name":"emergencyPause","line":780,"loc":{"start":{"line":780,"column":4},"end":{"line":795,"column":4}}},"32":{"name":"emergencyUnpause","line":797,"loc":{"start":{"line":797,"column":4},"end":{"line":806,"column":4}}},"33":{"name":"getStats","line":809,"loc":{"start":{"line":809,"column":4},"end":{"line":831,"column":4}}},"34":{"name":"grantRoleByAdmin","line":834,"loc":{"start":{"line":834,"column":4},"end":{"line":843,"column":4}}},"35":{"name":"revokeRoleByAdmin","line":845,"loc":{"start":{"line":845,"column":4},"end":{"line":854,"column":4}}}},"statementMap":{"1":{"start":{"line":265,"column":8},"end":{"line":265,"column":77}},"2":{"start":{"line":270,"column":8},"end":{"line":270,"column":83}},"3":{"start":{"line":275,"column":8},"end":{"line":275,"column":81}},"4":{"start":{"line":280,"column":8},"end":{"line":280,"column":91}},"5":{"start":{"line":285,"column":8},"end":{"line":285,"column":71}},"6":{"start":{"line":291,"column":8},"end":{"line":291,"column":49}},"7":{"start":{"line":292,"column":8},"end":{"line":292,"column":41}},"8":{"start":{"line":293,"column":8},"end":{"line":293,"column":44}},"9":{"start":{"line":294,"column":8},"end":{"line":294,"column":43}},"10":{"start":{"line":295,"column":8},"end":{"line":295,"column":48}},"11":{"start":{"line":296,"column":8},"end":{"line":296,"column":45}},"12":{"start":{"line":299,"column":8},"end":{"line":299,"column":26}},"13":{"start":{"line":317,"column":8},"end":{"line":317,"column":86}},"14":{"start":{"line":320,"column":8},"end":{"line":320,"column":85}},"15":{"start":{"line":323,"column":8},"end":{"line":323,"column":88}},"16":{"start":{"line":326,"column":8},"end":{"line":326,"column":90}},"17":{"start":{"line":329,"column":8},"end":{"line":329,"column":87}},"18":{"start":{"line":332,"column":8},"end":{"line":332,"column":81}},"19":{"start":{"line":335,"column":8},"end":{"line":335,"column":93}},"20":{"start":{"line":338,"column":8},"end":{"line":338,"column":87}},"21":{"start":{"line":359,"column":8},"end":{"line":359,"column":10275}},"22":{"start":{"line":360,"column":12},"end":{"line":360,"column":43}},"23":{"start":{"line":370,"column":8},"end":{"line":370,"column":64}},"24":{"start":{"line":371,"column":8},"end":{"line":371,"column":82}},"25":{"start":{"line":377,"column":8},"end":{"line":377,"column":92}},"26":{"start":{"line":378,"column":8},"end":{"line":378,"column":10949}},"27":{"start":{"line":388,"column":8},"end":{"line":388,"column":46}},"28":{"start":{"line":389,"column":8},"end":{"line":389,"column":57}},"29":{"start":{"line":390,"column":8},"end":{"line":390,"column":38}},"30":{"start":{"line":394,"column":8},"end":{"line":394,"column":51}},"31":{"start":{"line":395,"column":8},"end":{"line":395,"column":48}},"32":{"start":{"line":406,"column":8},"end":{"line":406,"column":73}},"33":{"start":{"line":408,"column":8},"end":{"line":408,"column":60}},"34":{"start":{"line":419,"column":8},"end":{"line":419,"column":38}},"35":{"start":{"line":421,"column":8},"end":{"line":421,"column":12373}},"36":{"start":{"line":430,"column":8},"end":{"line":430,"column":12556}},"37":{"start":{"line":445,"column":8},"end":{"line":445,"column":13024}},"38":{"start":{"line":451,"column":8},"end":{"line":451,"column":75}},"39":{"start":{"line":453,"column":8},"end":{"line":453,"column":13333}},"40":{"start":{"line":454,"column":12},"end":{"line":454,"column":52}},"41":{"start":{"line":456,"column":12},"end":{"line":456,"column":68}},"42":{"start":{"line":464,"column":12},"end":{"line":464,"column":46}},"43":{"start":{"line":466,"column":12},"end":{"line":466,"column":13836}},"44":{"start":{"line":476,"column":8},"end":{"line":476,"column":14070}},"45":{"start":{"line":486,"column":8},"end":{"line":486,"column":37}},"46":{"start":{"line":490,"column":8},"end":{"line":490,"column":66}},"47":{"start":{"line":494,"column":8},"end":{"line":494,"column":66}},"48":{"start":{"line":502,"column":8},"end":{"line":502,"column":50}},"49":{"start":{"line":503,"column":8},"end":{"line":503,"column":52}},"50":{"start":{"line":503,"column":29},"end":{"line":503,"column":52}},"51":{"start":{"line":505,"column":8},"end":{"line":505,"column":37}},"52":{"start":{"line":506,"column":8},"end":{"line":506,"column":36}},"53":{"start":{"line":508,"column":8},"end":{"line":508,"column":61}},"54":{"start":{"line":509,"column":8},"end":{"line":509,"column":15159}},"55":{"start":{"line":512,"column":8},"end":{"line":512,"column":21}},"56":{"start":{"line":516,"column":8},"end":{"line":516,"column":41}},"57":{"start":{"line":528,"column":8},"end":{"line":528,"column":15747}},"58":{"start":{"line":535,"column":8},"end":{"line":535,"column":52}},"59":{"start":{"line":548,"column":8},"end":{"line":548,"column":30}},"60":{"start":{"line":549,"column":8},"end":{"line":549,"column":53}},"61":{"start":{"line":551,"column":8},"end":{"line":551,"column":79}},"62":{"start":{"line":552,"column":8},"end":{"line":552,"column":16526}},"63":{"start":{"line":560,"column":8},"end":{"line":560,"column":21}},"64":{"start":{"line":567,"column":8},"end":{"line":567,"column":53}},"65":{"start":{"line":568,"column":8},"end":{"line":568,"column":76}},"66":{"start":{"line":570,"column":8},"end":{"line":570,"column":42}},"67":{"start":{"line":575,"column":8},"end":{"line":575,"column":17138}},"68":{"start":{"line":576,"column":12},"end":{"line":576,"column":47}},"69":{"start":{"line":577,"column":15},"end":{"line":577,"column":17273}},"70":{"start":{"line":578,"column":12},"end":{"line":578,"column":37}},"71":{"start":{"line":581,"column":8},"end":{"line":581,"column":71}},"72":{"start":{"line":583,"column":8},"end":{"line":583,"column":32}},"73":{"start":{"line":584,"column":8},"end":{"line":584,"column":17562}},"74":{"start":{"line":585,"column":13},"end":{"line":585,"column":17652}},"75":{"start":{"line":586,"column":13},"end":{"line":586,"column":17739}},"76":{"start":{"line":589,"column":8},"end":{"line":589,"column":98}},"77":{"start":{"line":593,"column":8},"end":{"line":593,"column":57}},"78":{"start":{"line":594,"column":8},"end":{"line":594,"column":18066}},"79":{"start":{"line":595,"column":12},"end":{"line":595,"column":18128}},"80":{"start":{"line":597,"column":16},"end":{"line":597,"column":27}},"81":{"start":{"line":604,"column":8},"end":{"line":604,"column":40}},"82":{"start":{"line":608,"column":8},"end":{"line":608,"column":37}},"83":{"start":{"line":612,"column":8},"end":{"line":612,"column":48}},"84":{"start":{"line":621,"column":8},"end":{"line":621,"column":18874}},"85":{"start":{"line":628,"column":8},"end":{"line":628,"column":60}},"86":{"start":{"line":629,"column":8},"end":{"line":629,"column":56}},"87":{"start":{"line":632,"column":8},"end":{"line":632,"column":19222}},"88":{"start":{"line":633,"column":12},"end":{"line":633,"column":19286}},"89":{"start":{"line":640,"column":12},"end":{"line":640,"column":98}},"90":{"start":{"line":641,"column":12},"end":{"line":641,"column":51}},"91":{"start":{"line":644,"column":8},"end":{"line":644,"column":19691}},"92":{"start":{"line":645,"column":12},"end":{"line":645,"column":19753}},"93":{"start":{"line":652,"column":12},"end":{"line":652,"column":101}},"94":{"start":{"line":653,"column":12},"end":{"line":653,"column":54}},"95":{"start":{"line":657,"column":8},"end":{"line":657,"column":20185}},"96":{"start":{"line":658,"column":12},"end":{"line":658,"column":97}},"97":{"start":{"line":659,"column":12},"end":{"line":659,"column":70}},"98":{"start":{"line":663,"column":8},"end":{"line":663,"column":93}},"99":{"start":{"line":664,"column":8},"end":{"line":664,"column":20544}},"100":{"start":{"line":665,"column":12},"end":{"line":665,"column":98}},"101":{"start":{"line":666,"column":12},"end":{"line":666,"column":63}},"102":{"start":{"line":674,"column":8},"end":{"line":674,"column":90}},"103":{"start":{"line":683,"column":8},"end":{"line":683,"column":46}},"104":{"start":{"line":684,"column":8},"end":{"line":684,"column":44}},"105":{"start":{"line":686,"column":8},"end":{"line":686,"column":80}},"106":{"start":{"line":687,"column":8},"end":{"line":687,"column":21453}},"107":{"start":{"line":695,"column":8},"end":{"line":695,"column":25}},"108":{"start":{"line":706,"column":8},"end":{"line":706,"column":39}},"109":{"start":{"line":720,"column":8},"end":{"line":720,"column":41}},"110":{"start":{"line":721,"column":8},"end":{"line":721,"column":45}},"111":{"start":{"line":723,"column":8},"end":{"line":723,"column":82}},"112":{"start":{"line":731,"column":8},"end":{"line":731,"column":37}},"113":{"start":{"line":732,"column":8},"end":{"line":732,"column":52}},"114":{"start":{"line":734,"column":8},"end":{"line":734,"column":63}},"115":{"start":{"line":735,"column":8},"end":{"line":735,"column":22869}},"116":{"start":{"line":738,"column":8},"end":{"line":738,"column":21}},"117":{"start":{"line":742,"column":8},"end":{"line":742,"column":37}},"118":{"start":{"line":746,"column":8},"end":{"line":746,"column":41}},"119":{"start":{"line":758,"column":8},"end":{"line":758,"column":96}},"120":{"start":{"line":759,"column":8},"end":{"line":759,"column":114}},"121":{"start":{"line":760,"column":8},"end":{"line":760,"column":96}},"122":{"start":{"line":761,"column":8},"end":{"line":761,"column":93}},"123":{"start":{"line":770,"column":8},"end":{"line":770,"column":24292}},"124":{"start":{"line":781,"column":8},"end":{"line":781,"column":24692}},"125":{"start":{"line":785,"column":8},"end":{"line":785,"column":15}},"126":{"start":{"line":787,"column":8},"end":{"line":787,"column":74}},"127":{"start":{"line":788,"column":8},"end":{"line":788,"column":24953}},"128":{"start":{"line":798,"column":8},"end":{"line":798,"column":17}},"129":{"start":{"line":799,"column":8},"end":{"line":799,"column":25223}},"130":{"start":{"line":820,"column":8},"end":{"line":820,"column":25813}},"131":{"start":{"line":835,"column":8},"end":{"line":835,"column":32}},"132":{"start":{"line":836,"column":8},"end":{"line":836,"column":26321}},"133":{"start":{"line":846,"column":8},"end":{"line":846,"column":33}},"134":{"start":{"line":847,"column":8},"end":{"line":847,"column":26653}}},"branchMap":{"1":{"line":265,"type":"if","locations":[{"start":{"line":265,"column":8},"end":{"line":265,"column":8}},{"start":{"line":265,"column":8},"end":{"line":265,"column":8}}]},"2":{"line":270,"type":"if","locations":[{"start":{"line":270,"column":8},"end":{"line":270,"column":8}},{"start":{"line":270,"column":8},"end":{"line":270,"column":8}}]},"3":{"line":275,"type":"if","locations":[{"start":{"line":275,"column":8},"end":{"line":275,"column":8}},{"start":{"line":275,"column":8},"end":{"line":275,"column":8}}]},"4":{"line":280,"type":"if","locations":[{"start":{"line":280,"column":8},"end":{"line":280,"column":8}},{"start":{"line":280,"column":8},"end":{"line":280,"column":8}}]},"5":{"line":285,"type":"if","locations":[{"start":{"line":285,"column":8},"end":{"line":285,"column":8}},{"start":{"line":285,"column":8},"end":{"line":285,"column":8}}]},"6":{"line":359,"type":"if","locations":[{"start":{"line":359,"column":8},"end":{"line":359,"column":8}},{"start":{"line":359,"column":8},"end":{"line":359,"column":8}}]},"7":{"line":369,"type":"if","locations":[{"start":{"line":369,"column":15},"end":{"line":369,"column":15}},{"start":{"line":369,"column":15},"end":{"line":369,"column":15}}]},"8":{"line":371,"type":"if","locations":[{"start":{"line":371,"column":8},"end":{"line":371,"column":8}},{"start":{"line":371,"column":8},"end":{"line":371,"column":8}}]},"9":{"line":405,"type":"if","locations":[{"start":{"line":405,"column":15},"end":{"line":405,"column":15}},{"start":{"line":405,"column":15},"end":{"line":405,"column":15}}]},"10":{"line":405,"type":"if","locations":[{"start":{"line":405,"column":28},"end":{"line":405,"column":28}},{"start":{"line":405,"column":28},"end":{"line":405,"column":28}}]},"11":{"line":406,"type":"if","locations":[{"start":{"line":406,"column":8},"end":{"line":406,"column":8}},{"start":{"line":406,"column":8},"end":{"line":406,"column":8}}]},"12":{"line":444,"type":"if","locations":[{"start":{"line":444,"column":15},"end":{"line":444,"column":15}},{"start":{"line":444,"column":15},"end":{"line":444,"column":15}}]},"13":{"line":445,"type":"if","locations":[{"start":{"line":445,"column":8},"end":{"line":445,"column":8}},{"start":{"line":445,"column":8},"end":{"line":445,"column":8}}]},"14":{"line":451,"type":"if","locations":[{"start":{"line":451,"column":8},"end":{"line":451,"column":8}},{"start":{"line":451,"column":8},"end":{"line":451,"column":8}}]},"15":{"line":454,"type":"if","locations":[{"start":{"line":454,"column":12},"end":{"line":454,"column":12}},{"start":{"line":454,"column":12},"end":{"line":454,"column":12}}]},"16":{"line":503,"type":"if","locations":[{"start":{"line":503,"column":8},"end":{"line":503,"column":8}},{"start":{"line":503,"column":8},"end":{"line":503,"column":8}}]},"17":{"line":506,"type":"if","locations":[{"start":{"line":506,"column":8},"end":{"line":506,"column":8}},{"start":{"line":506,"column":8},"end":{"line":506,"column":8}}]},"18":{"line":527,"type":"if","locations":[{"start":{"line":527,"column":15},"end":{"line":527,"column":15}},{"start":{"line":527,"column":15},"end":{"line":527,"column":15}}]},"19":{"line":566,"type":"if","locations":[{"start":{"line":566,"column":15},"end":{"line":566,"column":15}},{"start":{"line":566,"column":15},"end":{"line":566,"column":15}}]},"20":{"line":568,"type":"if","locations":[{"start":{"line":568,"column":8},"end":{"line":568,"column":8}},{"start":{"line":568,"column":8},"end":{"line":568,"column":8}}]},"21":{"line":575,"type":"if","locations":[{"start":{"line":575,"column":8},"end":{"line":575,"column":8}},{"start":{"line":575,"column":8},"end":{"line":575,"column":8}}]},"22":{"line":577,"type":"if","locations":[{"start":{"line":577,"column":15},"end":{"line":577,"column":15}},{"start":{"line":577,"column":15},"end":{"line":577,"column":15}}]},"23":{"line":584,"type":"if","locations":[{"start":{"line":584,"column":8},"end":{"line":584,"column":8}},{"start":{"line":584,"column":8},"end":{"line":584,"column":8}}]},"24":{"line":585,"type":"if","locations":[{"start":{"line":585,"column":13},"end":{"line":585,"column":13}},{"start":{"line":585,"column":13},"end":{"line":585,"column":13}}]},"25":{"line":586,"type":"if","locations":[{"start":{"line":586,"column":13},"end":{"line":586,"column":13}},{"start":{"line":586,"column":13},"end":{"line":586,"column":13}}]},"26":{"line":595,"type":"if","locations":[{"start":{"line":595,"column":12},"end":{"line":595,"column":12}},{"start":{"line":595,"column":12},"end":{"line":595,"column":12}}]},"27":{"line":619,"type":"if","locations":[{"start":{"line":619,"column":15},"end":{"line":619,"column":15}},{"start":{"line":619,"column":15},"end":{"line":619,"column":15}}]},"28":{"line":621,"type":"if","locations":[{"start":{"line":621,"column":8},"end":{"line":621,"column":8}},{"start":{"line":621,"column":8},"end":{"line":621,"column":8}}]},"29":{"line":632,"type":"if","locations":[{"start":{"line":632,"column":8},"end":{"line":632,"column":8}},{"start":{"line":632,"column":8},"end":{"line":632,"column":8}}]},"30":{"line":644,"type":"if","locations":[{"start":{"line":644,"column":8},"end":{"line":644,"column":8}},{"start":{"line":644,"column":8},"end":{"line":644,"column":8}}]},"31":{"line":657,"type":"if","locations":[{"start":{"line":657,"column":8},"end":{"line":657,"column":8}},{"start":{"line":657,"column":8},"end":{"line":657,"column":8}}]},"32":{"line":663,"type":"if","locations":[{"start":{"line":663,"column":8},"end":{"line":663,"column":8}},{"start":{"line":663,"column":8},"end":{"line":663,"column":8}}]},"33":{"line":664,"type":"if","locations":[{"start":{"line":664,"column":8},"end":{"line":664,"column":8}},{"start":{"line":664,"column":8},"end":{"line":664,"column":8}}]},"34":{"line":732,"type":"if","locations":[{"start":{"line":732,"column":8},"end":{"line":732,"column":8}},{"start":{"line":732,"column":8},"end":{"line":732,"column":8}}]},"35":{"line":757,"type":"if","locations":[{"start":{"line":757,"column":15},"end":{"line":757,"column":15}},{"start":{"line":757,"column":15},"end":{"line":757,"column":15}}]},"36":{"line":781,"type":"if","locations":[{"start":{"line":781,"column":8},"end":{"line":781,"column":8}},{"start":{"line":781,"column":8},"end":{"line":781,"column":8}}]},"37":{"line":782,"type":"cond-expr","locations":[{"start":{"line":782,"column":12},"end":{"line":782,"column":46}},{"start":{"line":782,"column":51},"end":{"line":782,"column":81}}]},"38":{"line":797,"type":"if","locations":[{"start":{"line":797,"column":41},"end":{"line":797,"column":41}},{"start":{"line":797,"column":41},"end":{"line":797,"column":41}}]},"39":{"line":834,"type":"if","locations":[{"start":{"line":834,"column":70},"end":{"line":834,"column":70}},{"start":{"line":834,"column":70},"end":{"line":834,"column":70}}]},"40":{"line":845,"type":"if","locations":[{"start":{"line":845,"column":71},"end":{"line":845,"column":71}},{"start":{"line":845,"column":71},"end":{"line":845,"column":71}}]}}},"contracts/FidesOriginTimelock.sol":{"l":{"60":0,"61":0,"63":0,"65":0,"72":0,"73":0,"75":0,"77":0,"84":0,"85":0,"92":0,"93":0,"102":0,"109":0},"path":"/root/.openclaw/workspace/fidesorigin-demo/contracts/FidesOriginTimelock.sol","s":{"1":0,"2":0,"3":0,"4":0,"5":0,"6":0,"7":0,"8":0,"9":0,"10":0},"b":{"1":[0,0],"2":[0,0],"3":[0,0],"4":[0,0],"5":[0,0],"6":[0,0],"7":[0,0]},"f":{"1":0,"2":0,"3":0,"4":0,"5":0,"6":0,"7":0},"fnMap":{"1":{"name":"constructor","line":49,"loc":{"start":{"line":45,"column":4},"end":{"line":51,"column":4}}},"2":{"name":"enableEmergencyMode","line":59,"loc":{"start":{"line":59,"column":4},"end":{"line":66,"column":4}}},"3":{"name":"disableEmergencyMode","line":71,"loc":{"start":{"line":71,"column":4},"end":{"line":78,"column":4}}},"4":{"name":"addEmergencyOperator","line":83,"loc":{"start":{"line":83,"column":4},"end":{"line":86,"column":4}}},"5":{"name":"removeEmergencyOperator","line":91,"loc":{"start":{"line":91,"column":4},"end":{"line":94,"column":4}}},"6":{"name":"getEffectiveDelay","line":101,"loc":{"start":{"line":101,"column":4},"end":{"line":103,"column":4}}},"7":{"name":"isEmergencyOperator","line":108,"loc":{"start":{"line":108,"column":4},"end":{"line":110,"column":4}}}},"statementMap":{"1":{"start":{"line":60,"column":8},"end":{"line":60,"column":84}},"2":{"start":{"line":61,"column":8},"end":{"line":61,"column":63}},"3":{"start":{"line":65,"column":8},"end":{"line":65,"column":45}},"4":{"start":{"line":72,"column":8},"end":{"line":72,"column":84}},"5":{"start":{"line":73,"column":8},"end":{"line":73,"column":65}},"6":{"start":{"line":77,"column":8},"end":{"line":77,"column":46}},"7":{"start":{"line":85,"column":8},"end":{"line":85,"column":45}},"8":{"start":{"line":93,"column":8},"end":{"line":93,"column":47}},"9":{"start":{"line":102,"column":8},"end":{"line":102,"column":58}},"10":{"start":{"line":109,"column":8},"end":{"line":109,"column":42}}},"branchMap":{"1":{"line":60,"type":"if","locations":[{"start":{"line":60,"column":8},"end":{"line":60,"column":8}},{"start":{"line":60,"column":8},"end":{"line":60,"column":8}}]},"2":{"line":61,"type":"if","locations":[{"start":{"line":61,"column":8},"end":{"line":61,"column":8}},{"start":{"line":61,"column":8},"end":{"line":61,"column":8}}]},"3":{"line":72,"type":"if","locations":[{"start":{"line":72,"column":8},"end":{"line":72,"column":8}},{"start":{"line":72,"column":8},"end":{"line":72,"column":8}}]},"4":{"line":73,"type":"if","locations":[{"start":{"line":73,"column":8},"end":{"line":73,"column":8}},{"start":{"line":73,"column":8},"end":{"line":73,"column":8}}]},"5":{"line":83,"type":"if","locations":[{"start":{"line":83,"column":61},"end":{"line":83,"column":61}},{"start":{"line":83,"column":61},"end":{"line":83,"column":61}}]},"6":{"line":91,"type":"if","locations
[...]
nd":{"line":194,"column":46}},"27":{"start":{"line":201,"column":8},"end":{"line":201,"column":6813}},"28":{"start":{"line":207,"column":8},"end":{"line":207,"column":7031}},"29":{"start":{"line":209,"column":12},"end":{"line":209,"column":52}},"30":{"start":{"line":228,"column":8},"end":{"line":228,"column":69}},"31":{"start":{"line":234,"column":8},"end":{"line":234,"column":37}},"32":{"start":{"line":238,"column":8},"end":{"line":238,"column":8113}},"33":{"start":{"line":239,"column":12},"end":{"line":239,"column":49}},"34":{"start":{"line":241,"column":8},"end":{"line":241,"column":42}},"35":{"start":{"line":245,"column":8},"end":{"line":245,"column":47}},"36":{"start":{"line":249,"column":8},"end":{"line":249,"column":41}},"37":{"start":{"line":253,"column":8},"end":{"line":253,"column":39}},"38":{"start":{"line":257,"column":8},"end":{"line":257,"column":43}},"39":{"start":{"line":261,"column":8},"end":{"line":261,"column":42}},"40":{"start":{"line":265,"column":8},"end":{"line":265,"column":65}},"41":{"start":{"line":266,"column":8},"end":{"line":266,"column":67}},"42":{"start":{"line":272,"column":8},"end":{"line":272,"column":15}},"43":{"start":{"line":276,"column":8},"end":{"line":276,"column":17}}},"branchMap":{"1":{"line":80,"type":"if","locations":[{"start":{"line":80,"column":8},"end":{"line":80,"column":8}},{"start":{"line":80,"column":8},"end":{"line":80,"column":8}}]},"2":{"line":100,"type":"if","locations":[{"start":{"line":100,"column":15},"end":{"line":100,"column":15}},{"start":{"line":100,"column":15},"end":{"line":100,"column":15}}]},"3":{"line":100,"type":"if","locations":[{"start":{"line":100,"column":37},"end":{"line":100,"column":37}},{"start":{"line":100,"column":37},"end":{"line":100,"column":37}}]},"4":{"line":100,"type":"if","locations":[{"start":{"line":100,"column":51},"end":{"line":100,"column":51}},{"start":{"line":100,"column":51},"end":{"line":100,"column":51}}]},"5":{"line":101,"type":"if","locations":[{"start":{"line":101,"column":8},"end":{"line":101,"column":8}},{"start":{"line":101,"column":8},"end":{"line":101,"column":8}}]},"6":{"line":113,"type":"if","locations":[{"start":{"line":113,"column":8},"end":{"line":113,"column":8}},{"start":{"line":113,"column":8},"end":{"line":113,"column":8}}]},"7":{"line":128,"type":"if","locations":[{"start":{"line":128,"column":15},"end":{"line":128,"column":15}},{"start":{"line":128,"column":15},"end":{"line":128,"column":15}}]},"8":{"line":128,"type":"if","locations":[{"start":{"line":128,"column":37},"end":{"line":128,"column":37}},{"start":{"line":128,"column":37},"end":{"line":128,"column":37}}]},"9":{"line":129,"type":"if","locations":[{"start":{"line":129,"column":8},"end":{"line":129,"column":8}},{"start":{"line":129,"column":8},"end":{"line":129,"column":8}}]},"10":{"line":130,"type":"cond-expr","locations":[{"start":{"line":130,"column":12},"end":{"line":130,"column":47}},{"start":{"line":131,"column":12},"end":{"line":131,"column":42}}]},"11":{"line":130,"type":"cond-expr","locations":[{"start":{"line":130,"column":12},"end":{"line":131,"column":42}},{"start":{"line":132,"column":12},"end":{"line":132,"column":53}}]},"12":{"line":137,"type":"if","locations":[{"start":{"line":137,"column":8},"end":{"line":137,"column":8}},{"start":{"line":137,"column":8},"end":{"line":137,"column":8}}]},"13":{"line":140,"type":"if","locations":[{"start":{"line":140,"column":12},"end":{"line":140,"column":12}},{"start":{"line":140,"column":12},"end":{"line":140,"column":12}}]},"14":{"line":141,"type":"if","locations":[{"start":{"line":141,"column":12},"end":{"line":141,"column":12}},{"start":{"line":141,"column":12},"end":{"line":141,"column":12}}]},"15":{"line":159,"type":"if","locations":[{"start":{"line":159,"column":15},"end":{"line":159,"column":15}},{"start":{"line":159,"column":15},"end":{"line":159,"column":15}}]},"16":{"line":159,"type":"if","locations":[{"start":{"line":159,"column":36},"end":{"line":159,"column":36}},{"start":{"line":159,"column":36},"end":{"line":159,"column":36}}]},"17":{"line":161,"type":"if","locations":[{"start":{"line":161,"column":12},"end":{"line":161,"column":12}},{"start":{"line":161,"column":12},"end":{"line":161,"column":12}}]},"18":{"line":174,"type":"if","locations":[{"start":{"line":174,"column":54},"end":{"line":174,"column":54}},{"start":{"line":174,"column":54},"end":{"line":174,"column":54}}]},"19":{"line":174,"type":"if","locations":[{"start":{"line":174,"column":75},"end":{"line":174,"column":75}},{"start":{"line":174,"column":75},"end":{"line":174,"column":75}}]},"20":{"line":182,"type":"if","locations":[{"start":{"line":182,"column":59},"end":{"line":182,"column":59}},{"start":{"line":182,"column":59},"end":{"line":182,"column":59}}]},"21":{"line":182,"type":"if","locations":[{"start":{"line":182,"column":83},"end":{"line":182,"column":83}},{"start":{"line":182,"column":83},"end":{"line":182,"column":83}}]},"22":{"line":183,"type":"if","locations":[{"start":{"line":183,"column":8},"end":{"line":183,"column":8}},{"start":{"line":183,"column":8},"end":{"line":183,"column":8}}]},"23":{"line":191,"type":"if","locations":[{"start":{"line":191,"column":62},"end":{"line":191,"column":62}},{"start":{"line":191,"column":62},"end":{"line":191,"column":62}}]},"24":{"line":191,"type":"if","locations":[{"start":{"line":191,"column":86},"end":{"line":191,"column":86}},{"start":{"line":191,"column":86},"end":{"line":191,"column":86}}]},"25":{"line":192,"type":"if","locations":[{"start":{"line":192,"column":8},"end":{"line":192,"column":8}},{"start":{"line":192,"column":8},"end":{"line":192,"column":8}}]},"26":{"line":220,"type":"if","locations":[{"start":{"line":220,"column":15},"end":{"line":220,"column":15}},{"start":{"line":220,"column":15},"end":{"line":220,"column":15}}]},"27":{"line":220,"type":"if","locations":[{"start":{"line":220,"column":39},"end":{"line":220,"column":39}},{"start":{"line":220,"column":39},"end":{"line":220,"column":39}}]},"28":{"line":238,"type":"if","locations":[{"start":{"line":238,"column":8},"end":{"line":238,"column":8}},{"start":{"line":238,"column":8},"end":{"line":238,"column":8}}]},"29":{"line":271,"type":"if","locations":[{"start":{"line":271,"column":30},"end":{"line":271,"column":30}},{"start":{"line":271,"column":30},"end":{"line":271,"column":30}}]},"30":{"line":275,"type":"if","locations":[{"start":{"line":275,"column":32},"end":{"line":275,"column":32}},{"start":{"line":275,"column":32},"end":{"line":275,"column":32}}]}}},"contracts/test/MockChainlinkRouter.sol":{"l":{"10":0},"path":"/root/.openclaw/workspace/fidesorigin-demo/contracts/test/MockChainlinkRouter.sol","s":{"1":0},"b":{},"f":{"1":0},"fnMap":{"1":{"name":"getAllowListId","line":9,"loc":{"start":{"line":9,"column":4},"end":{"line":11,"column":4}}}},"statementMap":{"1":{"start":{"line":10,"column":8},"end":{"line":10,"column":25}}},"branchMap":{}},"contracts/TestUSD.sol":{"l":{"72":158,"73":158,"74":158,"77":158,"78":158,"79":158,"80":158,"81":158,"84":158,"87":158,"95":3,"99":161,"102":161,"103":161,"106":161,"107":161,"109":161,"116":0,"117":0,"118":0,"119":0,"126":90,"133":0,"140":0,"147":0,"159":1,"160":1,"167":0,"179":254,"182":252,"184":89,"185":1,"186":1,"188":88,"189":0,"190":0,"194":88,"195":0,"196":0,"200":88,"203":87,"211":88,"212":88,"214":88,"217":88,"218":0,"219":0,"223":88,"224":88,"226":88,"229":88,"231":88,"232":1,"233":1,"241":87,"242":87,"244":87,"245":48,"246":48,"248":87,"256":3,"257":3,"267":3,"268":2,"270":2,"271":4,"273":2,"280":2,"287":2,"304":0,"326":2,"327":2,"329":2,"330":2,"332":2,"333":2,"335":2,"336":2,"343":4,"344":2},"path":"/root/.openclaw/workspace/fidesorigin-demo/contracts/TestUSD.sol","s":{"1":158,"2":158,"3":158,"4":158,"5":158,"6":3,"7":161,"8":161,"9":161,"10":161,"11":161,"12":0,"13":0,"14":0,"15":90,"16":0,"17":0,"18":0,"19":1,"20":254,"21":252,"22":89,"23":1,"24":88,"25":0,"26":88,"27":0,"28":88,"29":87,"30":88,"31":88,"32":88,"33":0,"34":88,"35":0,"36":88,"37":88,"38":88,"39":88,"40":88,"41":1,"42":87,"43":87,"44":87,"45":3,"46":3,"47":3,"48":2,"49":2,"50":4,"51":2,"52":2,"53":2,"54":0,"55":2,"56":2,"57":2,"58":4,"59":2},"b":{"1":[3,0],"2":[3,0],"3":[0,161],"4":[0,0],"5":[0,0],"6":[1,0],"7":[0,0],"8":[254,2],"9":[89,163],"10":[1,88],"11":[0,88],"12":[0,88],"13":[0,88],"14":[0,88],"15":[40,48],"16":[0,88],"17":[1,87],"18":[48,39],"19":[3,0],"20":[0,3],"21":[3,0],"22":[1,2],"23":[0,2],"24":[2,0],"25":[2,0],"26":[2,0],"27":[2,0],"28":[4,0],"29":[2,2]},"f":{"1":158,"2":3,"3":161,"4":0,"5":90,"6":0,"7":0,"8":0,"9":1,"10":0,"11":254,"12":88,"13":87,"14":3,"15":3,"16":2,"17":2,"18":0,"19":2,"20":4},"fnMap":{"1":{"name":"constructor","line":71,"loc":{"start":{"line":71,"column":4},"end":{"line":88,"column":4}}},"2":{"name":"tagAddress","line":94,"loc":{"start":{"line":94,"column":4},"end":{"line":96,"column":4}}},"3":{"name":"_tagAddress","line":98,"loc":{"start":{"line":98,"column":4},"end":{"line":110,"column":4}}},"4":{"name":"untagAddress","line":115,"loc":{"start":{"line":115,"column":4},"end":{"line":120,"column":4}}},"5":{"name":"getRiskLevel","line":125,"loc":{"start":{"line":125,"column":4},"end":{"line":127,"column":4}}},"6":{"name":"isBlacklisted","line":132,"loc":{"start":{"line":132,"column":4},"end":{"line":134,"column":4}}},"7":{"name":"getAddressesByRiskLevel","line":139,"loc":{"start":{"line":139,"column":4},"end":{"line":141,"column":4}}},"8":{"name":"getRiskLevelCount","line":146,"loc":{"start":{"line":146,"column":4},"end":{"line":148,"column":4}}},"9":{"name":"setRiskLimits","line":158,"loc":{"start":{"line":154,"column":4},"end":{"line":161,"column":4}}},"10":{"name":"toggleLimit","line":166,"loc":{"start":{"line":166,"column":4},"end":{"line":168,"column":4}}},"11":{"name":"_update","line":178,"loc":{"start":{"line":174,"column":4},"end":{"line":205,"column":4}}},"12":{"name":"_checkLimits","line":210,"loc":{"start":{"line":210,"column":4},"end":{"line":235,"column":4}}},"13":{"name":"_updateDailyUsed","line":240,"loc":{"start":{"line":240,"column":4},"end":{"line":249,"column":4}}},"14":{"name":"mint","line":255,"loc":{"start":{"line":255,"column":4},"end":{"line":258,"column":4}}},"15":{"name":"batchTransfer","line":266,"loc":{"start":{"line":263,"column":4},"end":{"line":274,"column":4}}},"16":{"name":"pause","line":279,"loc":{"start":{"line":279,"column":4},"end":{"line":281,"column":4}}},"17":{"name":"unpause","line":286,"loc":{"start":{"line":286,"column":4},"end":{"line":288,"column":4}}},"18":{"name":"getContractInfo","line":294,"loc":{"start":{"line":294,"column":4},"end":{"line":314,"column":4}}},"19":{"name":"getLimitInfo","line":319,"loc":{"start":{"line":319,"column":4},"end":{"line":337,"column":4}}},"20":{"name":"faucet","line":342,"loc":{"start":{"line":342,"column":4},"end":{"line":345,"column":4}}}},"statementMap":{"1":{"start":{"line":72,"column":8},"end":{"line":72,"column":49}},"2":{"start":{"line":73,"column":8},"end":{"line":73,"column":41}},"3":{"start":{"line":74,"column":8},"end":{"line":74,"column":44}},"4":{"start":{"line":84,"column":8},"end":{"line":84,"column":44}},"5":{"start":{"line":87,"column":8},"end":{"line":87,"column":103}},"6":{"start":{"line":95,"column":8},"end":{"line":95,"column":42}},"7":{"start":{"line":99,"column":8},"end":{"line":99,"column":58}},"8":{"start":{"line":102,"column":8},"end":{"line":102,"column":54}},"9":{"start":{"line":103,"column":8},"end":{"line":103,"column":52}},"10":{"start":{"line":107,"column":8},"end":{"line":107,"column":46}},"11":{"start":{"line":109,"column":8},"end":{"line":109,"column":50}},"12":{"start":{"line":116,"column":8},"end":{"line":116,"column":51}},"13":{"start":{"line":117,"column":8},"end":{"line":117,"column":49}},"14":{"start":{"line":119,"column":8},"end":{"line":119,"column":37}},"15":{"start":{"line":126,"column":8},"end":{"line":126,"column":40}},"16":{"start":{"line":133,"column":8},"end":{"line":133,"column":59}},"17":{"start":{"line":140,"column":8},"end":{"line":140,"column":50}},"18":{"start":{"line":147,"column":8},"end":{"line":147,"column":50}},"19":{"start":{"line":160,"column":8},"end":{"line":160,"column":58}},"20":{"start":{"line":179,"column":8},"end":{"line":179,"column":38}},"21":{"start":{"line":182,"column":8},"end":{"line":182,"column":6034}},"22":{"start":{"line":184,"column":12},"end":{"line":184,"column":6100}},"23":{"start":{"line":185,"column":16},"end":{"line":185,"column":79}},"24":{"start":{"line":188,"column":12},"end":{"line":188,"column":6305}},"25":{"start":{"line":189,"column":16},"end":{"line":189,"column":82}},"26":{"start":{"line":194,"column":12},"end":{"line":194,"column":6559}},"27":{"start":{"line":195,"column":16},"end":{"line":195,"column":87}},"28":{"start":{"line":200,"column":12},"end":{"line":200,"column":37}},"29":{"start":{"line":203,"column":12},"end":{"line":203,"column":41}},"30":{"start":{"line":211,"column":8},"end":{"line":211,"column":47}},"31":{"start":{"line":212,"column":8},"end":{"line":212,"column":53}},"32":{"start":{"line":214,"column":8},"end":{"line":214,"column":35}},"33":{"start":{"line":214,"column":29},"end":{"line":214,"column":35}},"34":{"start":{"line":217,"column":8},"end":{"line":217,"column":7226}},"35":{"start":{"line":218,"column":12},"end":{"line":218,"column":77}},"36":{"start":{"line":223,"column":8},"end":{"line":223,"column":57}},"37":{"start":{"line":224,"column":8},"end":{"line":224,"column":53}},"38":{"start":{"line":226,"column":8},"end":{"line":226,"column":75}},"39":{"start":{"line":229,"column":8},"end":{"line":229,"column":61}},"40":{"start":{"line":231,"column":8},"end":{"line":231,"column":7758}},"41":{"start":{"line":232,"column":12},"end":{"line":232,"column":75}},"42":{"start":{"line":241,"column":8},"end":{"line":241,"column":53}},"43":{"start":{"line":242,"column":8},"end":{"line":242,"column":58}},"44":{"start":{"line":244,"column":8},"end":{"line":244,"column":8219}},"45":{"start":{"line":256,"column":8},"end":{"line":256,"column":53}},"46":{"start":{"line":257,"column":8},"end":{"line":257,"column":24}},"47":{"start":{"line":267,"column":8},"end":{"line":267,"column":72}},"48":{"start":{"line":268,"column":8},"end":{"line":268,"column":59}},"49":{"start":{"line":270,"column":8},"end":{"line":270,"column":8946}},"50":{"start":{"line":271,"column":12},"end":{"line":271,"column":61}},"51":{"start":{"line":273,"column":8},"end":{"line":273,"column":19}},"52":{"start":{"line":280,"column":8},"end":{"line":280,"column":15}},"53":{"start":{"line":287,"column":8},"end":{"line":287,"column":17}},"54":{"start":{"line":304,"column":8},"end":{"line":304,"column":9712}},"55":{"start":{"line":327,"column":8},"end":{"line":327,"column":53}},"56":{"start":{"line":332,"column":8},"end":{"line":332,"column":57}},"57":{"start":{"line":333,"column":8},"end":{"line":333,"column":53}},"58":{"start":{"line":343,"column":8},"end":{"line":343,"column":75}},"59":{"start":{"line":344,"column":8},"end":{"line":344,"column":39}}},"branchMap":{"1":{"line":94,"type":"if","locations":[{"start":{"line":94,"column":87},"end":{"line":94,"column":87}},{"start":{"line":94,"column":87},"end":{"line":94,"column":87}}]},"2":{"line":94,"type":"if","locations":[{"start":{"line":94,"column":111},"end":{"line":94,"column":111}},{"start":{"line":94,"column":111},"end":{"line":94,"column":111}}]},"3":{"line":99,"type":"if","locations":[{"start":{"line":99,"column":8},"end":{"line":99,"column":8}},{"start":{"line":99,"column":8},"end":{"line":99,"column":8}}]},"4":{"line":115,"type":"if","locations":[{"start":{"line":115,"column":52},"end":{"line":115,"column":52}},{"start":{"line":115,"column":52},"end":{"line":115,"column":52}}]},"5":{"line":115,"type":"if","locations":[{"start":{"line":115,"column":76},"end":{"line":115,"column":76}},{"start":{"line":115,"column":76},"end":{"line":115,"column":76}}]},"6":{"line":158,"type":"if","locations":[{"start":{"line":158,"column":15},"end":{"line":158,"column":15}},{"start":{"line":158,"column":15},"end":{"line":158,"column":15}}]},"7":{"line":166,"type":"if","locations":[{"start":{"line":166,"column":65},"end":{"line":166,"column":65}},{"start":{"line":166,"column":65},"end":{"line":166,"column":65}}]},"8":{"line":178,"type":"if","locations":[{"start":{"line":178,"column":24},"end":{"line":178,"column":24}},{"start":{"line":178,"column":24},"end":{"line":178,"column":24}}]},"9":{"line":182,"type":"if","locations":[{"start":{"line":182,"column":8},"end":{"line":182,"column":8}},{"start":{"line":182,"column":8},"end":{"line":182,"column":8}}]},"10":{"line":184,"type":"if","locations":[{"start":{"line":184,"column":12},"end":{"line":184,"column":12}},{"start":{"line":184,"column":12},"end":{"line":184,"column":12}}]},"11":{"line":188,"type":"if","locations":[{"start":{"line":188,"column":12},"end":{"line":188,"column":12}},{"start":{"line":188,"column":12},"end":{"line":188,"column":12}}]},"12":{"line":194,"type":"if","locations":[{"start":{"line":194,"column":12},"end":{"line":194,"column":12}},{"start":{"line":194,"column":12},"end":{"line":194,"column":12}}]},"13":{"line":214,"type":"if","locations":[{"start":{"line":214,"column":8},"end":{"line":214,"column":8}},{"start":{"line":214,"column":8},"end":{"line":214,"column":8}}]},"14":{"line":217,"type":"if","locations":[{"start":{"line":217,"column":8},"end":{"line":217,"column":8}},{"start":{"line":217,"column":8},"end":{"line":217,"column":8}}]},"15":{"line":226,"type":"if","locations":[{"start":{"line":226,"column":61},"end":{"line":226,"column":70}},{"start":{"line":226,"column":74},"end":{"line":226,"column":74}}]},"16":{"line":229,"type":"if","locations":[{"start":{"line":229,"column":8},"end":{"line":229,"column":8}},{"start":{"line":229,"column":8},"end":{"line":229,"column":8}}]},"17":{"line":231,"type":"if","locations":[{"start":{"line":231,"column":8},"end":{"line":231,"column":8}},{"start":{"line":231,"column":8},"end":{"line":231,"column":8}}]},"18":{"line":244,"type":"if","locations":[{"start":{"line":244,"column":8},"end":{"line":244,"column":8}},{"start":{"line":244,"column":8},"end":{"line":244,"column":8}}]},"19":{"line":255,"type":"if","locations":[{"start":{"line":255,"column":55},"end":{"line":255,"column":55}},{"start":{"line":255,"column":55},"end":{"line":255,"column":55}}]},"20":{"line":256,"type":"if","locations":[{"start":{"line":256,"column":8},"end":{"line":256,"column":8}},{"start":{"line":256,"column":8},"end":{"line":256,"column":8}}]},"21":{"line":266,"type":"if","locations":[{"start":{"line":266,"column":15},"end":{"line":266,"column":15}},{"start":{"line":266,"column":15},"end":{"line":266,"column":15}}]},"22":{"line":267,"type":"if","locations":[{"start":{"line":267,"column":8},"end":{"line":267,"column":8}},{"start":{"line":267,"column":8},"end":{"line":267,"column":8}}]},"23":{"line":268,"type":"if","locations":[{"start":{"line":268,"column":8},"end":{"line":268,"column":8}},{"start":{"line":268,"column":8},"end":{"line":268,"column":8}}]},"24":{"line":279,"type":"if","locations":[{"start":{"line":279,"column":30},"end":{"line":279,"column":30}},{"start":{"line":279,"column":30},"end":{"line":279,"column":30}}]},"25":{"line":286,"type":"if","locations":[{"start":{"line":286,"column":32},"end":{"line":286,"column":32}},{"start":{"line":286,"column":32},"end":{"line":286,"column":32}}]},"26":{"line":335,"type":"if","locations":[{"start":{"line":335,"column":53},"end":{"line":335,"column":62}},{"start":{"line":335,"column":66},"end":{"line":335,"column":66}}]},"27":{"line":336,"type":"if","locations":[{"start":{"line":336,"column":59},"end":{"line":336,"column":87}},{"start":{"line":336,"column":91},"end":{"line":336,"column":91}}]},"28":{"line":342,"type":"if","locations":[{"start":{"line":342,"column":31},"end":{"line":342,"column":31}},{"start":{"line":342,"column":31},"end":{"line":342,"column":31}}]},"29":{"line":343,"type":"if","locations":[{"start":{"line":343,"column":8},"end":{"line":343,"column":8}},{"start":{"line":343,"column":8},"end":{"line":343,"column":8}}]}}}}